TN:
SF:src\App.tsx
FN:21,App
FNF:1
FNH:0
FNDA:0,App
DA:22,0
LF:1
LH:0
BRF:0
BRH:0
end_of_record
TN:
SF:src\components\cart\CarritoFlotante.tsx
FN:8,(anonymous_0)
FN:12,(anonymous_1)
FN:13,(anonymous_2)
FN:24,(anonymous_3)
FN:32,(anonymous_4)
FN:33,(anonymous_5)
FN:35,(anonymous_6)
FN:47,(anonymous_7)
FN:50,(anonymous_8)
FN:66,(anonymous_9)
FN:83,(anonymous_10)
FN:89,(anonymous_11)
FN:90,(anonymous_12)
FN:101,(anonymous_13)
FN:109,(anonymous_14)
FN:116,(anonymous_15)
FN:125,(anonymous_16)
FN:138,(anonymous_17)
FN:149,(anonymous_18)
FN:154,(anonymous_19)
FN:171,(anonymous_20)
FN:177,(anonymous_21)
FN:201,(anonymous_22)
FN:209,(anonymous_23)
FN:228,(anonymous_24)
FN:252,(anonymous_25)
FN:267,(anonymous_26)
FN:275,(anonymous_27)
FN:283,(anonymous_28)
FN:306,(anonymous_29)
FNF:30
FNH:0
FNDA:0,(anonymous_0)
FNDA:0,(anonymous_1)
FNDA:0,(anonymous_2)
FNDA:0,(anonymous_3)
FNDA:0,(anonymous_4)
FNDA:0,(anonymous_5)
FNDA:0,(anonymous_6)
FNDA:0,(anonymous_7)
FNDA:0,(anonymous_8)
FNDA:0,(anonymous_9)
FNDA:0,(anonymous_10)
FNDA:0,(anonymous_11)
FNDA:0,(anonymous_12)
FNDA:0,(anonymous_13)
FNDA:0,(anonymous_14)
FNDA:0,(anonymous_15)
FNDA:0,(anonymous_16)
FNDA:0,(anonymous_17)
FNDA:0,(anonymous_18)
FNDA:0,(anonymous_19)
FNDA:0,(anonymous_20)
FNDA:0,(anonymous_21)
FNDA:0,(anonymous_22)
FNDA:0,(anonymous_23)
FNDA:0,(anonymous_24)
FNDA:0,(anonymous_25)
FNDA:0,(anonymous_26)
FNDA:0,(anonymous_27)
FNDA:0,(anonymous_28)
FNDA:0,(anonymous_29)
DA:8,0
DA:9,0
DA:10,0
DA:12,0
DA:13,0
DA:14,0
DA:17,0
DA:18,0
DA:19,0
DA:21,0
DA:24,0
DA:25,0
DA:26,0
DA:32,0
DA:33,0
DA:34,0
DA:35,0
DA:39,0
DA:41,0
DA:47,0
DA:48,0
DA:50,0
DA:51,0
DA:52,0
DA:53,0
DA:54,0
DA:55,0
DA:56,0
DA:58,0
DA:59,0
DA:66,0
DA:67,0
DA:68,0
DA:69,0
DA:70,0
DA:71,0
DA:72,0
DA:73,0
DA:74,0
DA:81,0
DA:82,0
DA:83,0
DA:84,0
DA:85,0
DA:89,0
DA:90,0
DA:91,0
DA:92,0
DA:94,0
DA:101,0
DA:102,0
DA:104,0
DA:105,0
DA:106,0
DA:109,0
DA:110,0
DA:112,0
DA:116,0
DA:117,0
DA:118,0
DA:119,0
DA:120,0
DA:125,0
DA:126,0
DA:127,0
DA:128,0
DA:129,0
DA:134,0
DA:135,0
DA:136,0
DA:138,0
DA:139,0
DA:140,0
DA:141,0
DA:142,0
DA:149,0
DA:150,0
DA:151,0
DA:152,0
DA:154,0
DA:155,0
DA:156,0
DA:157,0
DA:158,0
DA:159,0
DA:161,0
DA:162,0
DA:164,0
DA:165,0
DA:166,0
DA:171,0
DA:172,0
DA:173,0
DA:177,0
DA:178,0
DA:179,0
DA:180,0
DA:181,0
DA:182,0
DA:184,0
DA:185,0
DA:186,0
DA:187,0
DA:188,0
DA:190,0
DA:191,0
DA:192,0
DA:197,0
DA:198,0
DA:199,0
DA:201,0
DA:202,0
DA:203,0
DA:204,0
DA:205,0
DA:209,0
DA:211,0
DA:228,0
DA:253,0
DA:254,0
DA:255,0
DA:257,0
DA:267,0
DA:275,0
DA:283,0
DA:306,0
LF:126
LH:0
BRDA:14,0,0,0
BRDA:14,0,1,0
BRDA:17,1,0,0
BRDA:17,1,1,0
BRDA:48,2,0,0
BRDA:48,2,1,0
BRDA:54,3,0,0
BRDA:54,3,1,0
BRDA:56,4,0,0
BRDA:56,4,1,0
BRDA:56,5,0,0
BRDA:56,5,1,0
BRDA:56,5,2,0
BRDA:68,6,0,0
BRDA:68,6,1,0
BRDA:70,7,0,0
BRDA:70,7,1,0
BRDA:71,8,0,0
BRDA:71,8,1,0
BRDA:72,9,0,0
BRDA:72,9,1,0
BRDA:72,10,0,0
BRDA:72,10,1,0
BRDA:72,10,2,0
BRDA:102,11,0,0
BRDA:102,11,1,0
BRDA:119,12,0,0
BRDA:119,12,1,0
BRDA:119,13,0,0
BRDA:119,13,1,0
BRDA:119,13,2,0
BRDA:128,14,0,0
BRDA:128,14,1,0
BRDA:128,15,0,0
BRDA:128,15,1,0
BRDA:128,15,2,0
BRDA:150,16,0,0
BRDA:150,16,1,0
BRDA:152,17,0,0
BRDA:152,17,1,0
BRDA:164,18,0,0
BRDA:164,18,1,0
BRDA:164,19,0,0
BRDA:164,19,1,0
BRDA:164,19,2,0
BRDA:164,19,3,0
BRDA:173,20,0,0
BRDA:173,20,1,0
BRDA:173,21,0,0
BRDA:173,21,1,0
BRDA:180,22,0,0
BRDA:180,22,1,0
BRDA:181,23,0,0
BRDA:181,23,1,0
BRDA:181,24,0,0
BRDA:181,24,1,0
BRDA:190,25,0,0
BRDA:190,25,1,0
BRDA:190,26,0,0
BRDA:190,26,1,0
BRDA:190,26,2,0
BRDA:190,26,3,0
BRDA:209,27,0,0
BRDA:209,27,1,0
BRDA:209,28,0,0
BRDA:209,28,1,0
BRDA:220,29,0,0
BRDA:220,29,1,0
BRDA:221,30,0,0
BRDA:221,30,1,0
BRDA:226,31,0,0
BRDA:226,31,1,0
BRDA:228,32,0,0
BRDA:228,32,1,0
BRDA:242,33,0,0
BRDA:242,33,1,0
BRDA:254,34,0,0
BRDA:254,34,1,0
BRDA:255,35,0,0
BRDA:255,35,1,0
BRDA:255,36,0,0
BRDA:255,36,1,0
BRDA:258,37,0,0
BRDA:258,37,1,0
BRDA:260,38,0,0
BRDA:260,38,1,0
BRDA:263,39,0,0
BRDA:263,39,1,0
BRDA:267,40,0,0
BRDA:267,40,1,0
BRDA:269,41,0,0
BRDA:269,41,1,0
BRDA:275,42,0,0
BRDA:275,42,1,0
BRDA:277,43,0,0
BRDA:277,43,1,0
BRDA:277,44,0,0
BRDA:277,44,1,0
BRDA:291,45,0,0
BRDA:291,45,1,0
BRDA:291,45,2,0
BRDA:291,46,0,0
BRDA:291,46,1,0
BRDA:305,47,0,0
BRDA:305,47,1,0
BRDA:314,48,0,0
BRDA:314,48,1,0
BRF:107
BRH:0
end_of_record
TN:
SF:src\components\footer\Footer.tsx
FN:5,(anonymous_0)
FNF:1
FNH:0
FNDA:0,(anonymous_0)
DA:5,0
DA:7,0
DA:9,0
LF:3
LH:0
BRF:0
BRH:0
end_of_record
TN:
SF:src\components\header\Header.tsx
FN:13,(anonymous_0)
FN:22,(anonymous_1)
FN:23,(anonymous_2)
FN:25,(anonymous_3)
FN:28,(anonymous_4)
FN:36,handleLoginSubmit
FN:42,(anonymous_6)
FN:60,(anonymous_7)
FN:79,(anonymous_8)
FN:129,(anonymous_9)
FN:137,(anonymous_10)
FN:152,(anonymous_11)
FN:155,(anonymous_12)
FN:159,(anonymous_13)
FN:172,(anonymous_14)
FN:172,(anonymous_15)
FNF:16
FNH:0
FNDA:0,(anonymous_0)
FNDA:0,(anonymous_1)
FNDA:0,(anonymous_2)
FNDA:0,(anonymous_3)
FNDA:0,(anonymous_4)
FNDA:0,handleLoginSubmit
FNDA:0,(anonymous_6)
FNDA:0,(anonymous_7)
FNDA:0,(anonymous_8)
FNDA:0,(anonymous_9)
FNDA:0,(anonymous_10)
FNDA:0,(anonymous_11)
FNDA:0,(anonymous_12)
FNDA:0,(anonymous_13)
FNDA:0,(anonymous_14)
FNDA:0,(anonymous_15)
DA:13,0
DA:14,0
DA:15,0
DA:16,0
DA:17,0
DA:18,0
DA:19,0
DA:20,0
DA:22,0
DA:23,0
DA:24,0
DA:25,0
DA:28,0
DA:29,0
DA:30,0
DA:31,0
DA:32,0
DA:37,0
DA:38,0
DA:39,0
DA:40,0
DA:41,0
DA:43,0
DA:46,0
DA:47,0
DA:48,0
DA:50,0
DA:51,0
DA:52,0
DA:54,0
DA:60,0
DA:61,0
DA:62,0
DA:63,0
DA:64,0
DA:65,0
DA:66,0
DA:67,0
DA:68,0
DA:69,0
DA:75,0
DA:76,0
DA:79,0
DA:81,0
DA:84,0
DA:129,0
DA:137,0
DA:152,0
DA:155,0
DA:159,0
DA:172,0
LF:51
LH:0
BRDA:29,0,0,0
BRDA:29,0,1,0
BRDA:43,1,0,0
BRDA:43,1,1,0
BRDA:46,2,0,0
BRDA:46,2,1,0
BRDA:50,3,0,0
BRDA:50,3,1,0
BRDA:62,4,0,0
BRDA:62,4,1,0
BRDA:63,5,0,0
BRDA:63,5,1,0
BRDA:66,6,0,0
BRDA:66,6,1,0
BRDA:66,7,0,0
BRDA:66,7,1,0
BRDA:67,8,0,0
BRDA:67,8,1,0
BRDA:111,9,0,0
BRDA:111,9,1,0
BRDA:116,10,0,0
BRDA:116,10,1,0
BRDA:122,11,0,0
BRDA:122,11,1,0
BRDA:162,12,0,0
BRDA:162,12,1,0
BRF:26
BRH:0
end_of_record
TN:
SF:src\components\home\Testimonials.tsx
FN:7,(anonymous_0)
FN:10,(anonymous_1)
FN:36,(anonymous_2)
FN:42,(anonymous_3)
FN:46,(anonymous_4)
FN:47,(anonymous_5)
FN:50,(anonymous_6)
FN:92,(anonymous_7)
FNF:8
FNH:0
FNDA:0,(anonymous_0)
FNDA:0,(anonymous_1)
FNDA:0,(anonymous_2)
FNDA:0,(anonymous_3)
FNDA:0,(anonymous_4)
FNDA:0,(anonymous_5)
FNDA:0,(anonymous_6)
FNDA:0,(anonymous_7)
DA:7,0
DA:8,0
DA:10,0
DA:11,0
DA:12,0
DA:13,0
DA:14,0
DA:15,0
DA:16,0
DA:17,0
DA:22,0
DA:23,0
DA:24,0
DA:26,0
DA:32,0
DA:34,0
DA:37,0
DA:43,0
DA:46,0
DA:47,0
DA:50,0
DA:52,0
DA:53,0
DA:55,0
DA:56,0
DA:57,0
DA:58,0
DA:60,0
DA:61,0
DA:62,0
DA:63,0
DA:66,0
DA:67,0
DA:68,0
DA:69,0
DA:70,0
DA:72,0
DA:75,0
DA:77,0
DA:78,0
DA:79,0
DA:80,0
DA:81,0
DA:83,0
DA:88,0
DA:89,0
DA:90,0
DA:91,0
DA:92,0
DA:93,0
DA:96,0
DA:97,0
DA:98,0
DA:101,0
DA:102,0
DA:103,0
DA:105,0
DA:106,0
DA:114,0
DA:117,0
DA:119,0
LF:61
LH:0
BRDA:13,0,0,0
BRDA:13,0,1,0
BRDA:16,1,0,0
BRDA:16,1,1,0
BRDA:16,2,0,0
BRDA:16,2,1,0
BRDA:32,3,0,0
BRDA:32,3,1,0
BRDA:32,4,0,0
BRDA:32,4,1,0
BRDA:43,5,0,0
BRDA:43,5,1,0
BRDA:46,6,0,0
BRDA:46,6,1,0
BRDA:46,7,0,0
BRDA:46,7,1,0
BRDA:47,8,0,0
BRDA:47,8,1,0
BRDA:55,9,0,0
BRDA:55,9,1,0
BRDA:58,10,0,0
BRDA:58,10,1,0
BRDA:61,11,0,0
BRDA:61,11,1,0
BRDA:68,12,0,0
BRDA:68,12,1,0
BRDA:72,13,0,0
BRDA:72,13,1,0
BRDA:72,13,2,0
BRDA:75,14,0,0
BRDA:75,14,1,0
BRDA:79,15,0,0
BRDA:79,15,1,0
BRDA:83,16,0,0
BRDA:83,16,1,0
BRDA:88,17,0,0
BRDA:88,17,1,0
BRDA:90,18,0,0
BRDA:90,18,1,0
BRDA:93,19,0,0
BRDA:93,19,1,0
BRDA:93,20,0,0
BRDA:93,20,1,0
BRDA:96,21,0,0
BRDA:96,21,1,0
BRDA:96,22,0,0
BRDA:96,22,1,0
BRDA:97,23,0,0
BRDA:97,23,1,0
BRDA:98,24,0,0
BRDA:98,24,1,0
BRDA:101,25,0,0
BRDA:101,25,1,0
BRDA:101,26,0,0
BRDA:101,26,1,0
BRDA:103,27,0,0
BRDA:103,27,1,0
BRDA:106,28,0,0
BRDA:106,28,1,0
BRDA:114,29,0,0
BRDA:114,29,1,0
BRDA:117,30,0,0
BRDA:117,30,1,0
BRDA:117,31,0,0
BRDA:117,31,1,0
BRDA:117,31,2,0
BRDA:122,32,0,0
BRDA:122,32,1,0
BRDA:122,32,2,0
BRDA:122,32,3,0
BRF:70
BRH:0
end_of_record
TN:
SF:src\components\parallaxHero\ParallaxHero.tsx
FN:17,(anonymous_0)
FN:23,(anonymous_1)
FN:27,(anonymous_2)
FN:30,(anonymous_3)
FN:43,(anonymous_4)
FN:50,(anonymous_5)
FN:58,(anonymous_6)
FN:67,(anonymous_7)
FN:70,(anonymous_8)
FN:91,(anonymous_9)
FN:92,(anonymous_10)
FN:97,(anonymous_11)
FN:100,(anonymous_12)
FNF:13
FNH:0
FNDA:0,(anonymous_0)
FNDA:0,(anonymous_1)
FNDA:0,(anonymous_2)
FNDA:0,(anonymous_3)
FNDA:0,(anonymous_4)
FNDA:0,(anonymous_5)
FNDA:0,(anonymous_6)
FNDA:0,(anonymous_7)
FNDA:0,(anonymous_8)
FNDA:0,(anonymous_9)
FNDA:0,(anonymous_10)
FNDA:0,(anonymous_11)
FNDA:0,(anonymous_12)
DA:17,0
DA:18,0
DA:19,0
DA:20,0
DA:21,0
DA:23,0
DA:24,0
DA:25,0
DA:27,0
DA:28,0
DA:30,0
DA:31,0
DA:32,0
DA:33,0
DA:34,0
DA:35,0
DA:36,0
DA:37,0
DA:38,0
DA:39,0
DA:40,0
DA:43,0
DA:44,0
DA:45,0
DA:46,0
DA:50,0
DA:51,0
DA:54,0
DA:55,0
DA:56,0
DA:57,0
DA:58,0
DA:59,0
DA:60,0
DA:61,0
DA:62,0
DA:67,0
DA:68,0
DA:69,0
DA:70,0
DA:71,0
DA:72,0
DA:75,0
DA:77,0
DA:78,0
DA:79,0
DA:80,0
DA:81,0
DA:84,0
DA:87,0
DA:90,0
DA:91,0
DA:92,0
DA:93,0
DA:94,0
DA:97,0
DA:98,0
DA:99,0
DA:100,0
DA:101,0
DA:102,0
DA:107,0
LF:62
LH:0
BRDA:17,0,0,0
BRDA:25,1,0,0
BRDA:25,1,1,0
BRDA:27,2,0,0
BRDA:27,3,0,0
BRDA:33,4,0,0
BRDA:33,4,1,0
BRDA:35,5,0,0
BRDA:35,5,1,0
BRDA:35,5,2,0
BRDA:36,6,0,0
BRDA:36,6,1,0
BRDA:36,7,0,0
BRDA:36,7,1,0
BRDA:44,8,0,0
BRDA:44,8,1,0
BRDA:62,9,0,0
BRDA:62,9,1,0
BRDA:68,10,0,0
BRDA:68,10,1,0
BRDA:71,11,0,0
BRDA:71,11,1,0
BRDA:79,12,0,0
BRDA:79,12,1,0
BRDA:79,13,0,0
BRDA:79,13,1,0
BRDA:81,14,0,0
BRDA:81,14,1,0
BRDA:81,15,0,0
BRDA:81,15,1,0
BRDA:99,16,0,0
BRDA:99,16,1,0
BRDA:99,17,0,0
BRDA:99,17,1,0
BRDA:115,18,0,0
BRDA:115,18,1,0
BRDA:115,19,0,0
BRDA:115,19,1,0
BRDA:126,20,0,0
BRDA:126,20,1,0
BRF:40
BRH:0
end_of_record
TN:
SF:src\components\product\PersonalizeMessageModal.tsx
FN:20,(anonymous_0)
FN:50,(anonymous_1)
FNF:2
FNH:0
FNDA:0,(anonymous_0)
FNDA:0,(anonymous_1)
DA:20,0
DA:35,0
DA:50,0
LF:3
LH:0
BRDA:23,0,0,0
BRDA:28,1,0,0
BRDA:29,2,0,0
BRDA:30,3,0,0
BRDA:31,4,0,0
BRDA:32,5,0,0
BRDA:33,6,0,0
BRDA:44,7,0,0
BRDA:44,7,1,0
BRF:9
BRH:0
end_of_record
TN:
SF:src\components\product\ProductCard.tsx
FN:19,(anonymous_0)
FN:28,openDetail
FN:32,(anonymous_2)
FN:40,(anonymous_3)
FN:53,(anonymous_4)
FN:60,(anonymous_5)
FN:66,addToCart
FN:79,finalizeAdd
FN:90,confirmPersonalize
FN:96,cancelPersonalize
FN:101,viewCart
FN:111,closeAddedModal
FN:117,(anonymous_12)
FN:118,(anonymous_13)
FN:128,(anonymous_14)
FNF:15
FNH:0
FNDA:0,(anonymous_0)
FNDA:0,openDetail
FNDA:0,(anonymous_2)
FNDA:0,(anonymous_3)
FNDA:0,(anonymous_4)
FNDA:0,(anonymous_5)
FNDA:0,addToCart
FNDA:0,finalizeAdd
FNDA:0,confirmPersonalize
FNDA:0,cancelPersonalize
FNDA:0,viewCart
FNDA:0,closeAddedModal
FNDA:0,(anonymous_12)
FNDA:0,(anonymous_13)
FNDA:0,(anonymous_14)
DA:19,0
DA:20,0
DA:21,0
DA:22,0
DA:23,0
DA:24,0
DA:25,0
DA:26,0
DA:29,0
DA:32,0
DA:34,0
DA:35,0
DA:40,0
DA:41,0
DA:42,0
DA:43,0
DA:44,0
DA:51,0
DA:53,0
DA:54,0
DA:55,0
DA:58,0
DA:60,0
DA:61,0
DA:62,0
DA:67,0
DA:68,0
DA:69,0
DA:70,0
DA:72,0
DA:73,0
DA:74,0
DA:76,0
DA:80,0
DA:81,0
DA:82,0
DA:83,0
DA:84,0
DA:85,0
DA:87,0
DA:91,0
DA:92,0
DA:93,0
DA:97,0
DA:98,0
DA:102,0
DA:103,0
DA:104,0
DA:105,0
DA:107,0
DA:112,0
DA:115,0
DA:117,0
DA:118,0
DA:129,0
LF:55
LH:0
BRDA:43,0,0,0
BRDA:43,0,1,0
BRDA:54,1,0,0
BRDA:54,1,1,0
BRDA:67,2,0,0
BRDA:67,2,1,0
BRDA:68,3,0,0
BRDA:68,3,1,0
BRDA:69,4,0,0
BRDA:69,4,1,0
BRDA:80,5,0,0
BRDA:80,5,1,0
BRDA:81,6,0,0
BRDA:81,6,1,0
BRDA:83,7,0,0
BRDA:83,7,1,0
BRDA:117,8,0,0
BRDA:117,8,1,0
BRDA:126,9,0,0
BRDA:126,9,1,0
BRDA:129,10,0,0
BRDA:129,10,1,0
BRDA:137,11,0,0
BRDA:137,11,1,0
BRDA:140,12,0,0
BRDA:140,12,1,0
BRDA:145,13,0,0
BRDA:145,13,1,0
BRDA:146,14,0,0
BRDA:146,14,1,0
BRDA:147,15,0,0
BRDA:147,15,1,0
BRDA:148,16,0,0
BRDA:148,16,1,0
BRDA:149,17,0,0
BRDA:149,17,1,0
BRDA:149,17,2,0
BRDA:152,18,0,0
BRDA:152,18,1,0
BRDA:152,18,2,0
BRDA:152,18,3,0
BRDA:152,18,4,0
BRDA:157,19,0,0
BRDA:157,19,1,0
BRDA:158,20,0,0
BRDA:158,20,1,0
BRDA:158,21,0,0
BRDA:158,21,1,0
BRDA:172,22,0,0
BRDA:172,22,1,0
BRF:50
BRH:0
end_of_record
TN:
SF:src\components\product\ProductGrid.tsx
FN:11,(anonymous_0)
FN:16,(anonymous_1)
FNF:2
FNH:0
FNDA:0,(anonymous_0)
FNDA:0,(anonymous_1)
DA:11,0
DA:12,0
DA:14,0
DA:17,0
LF:4
LH:0
BRDA:12,0,0,0
BRDA:12,0,1,0
BRDA:12,1,0,0
BRDA:12,1,1,0
BRF:4
BRH:0
end_of_record
TN:
SF:src\components\product\RatingsSection.tsx
FN:11,(anonymous_0)
FN:19,(anonymous_1)
FN:23,(anonymous_2)
FN:34,(anonymous_3)
FN:43,(anonymous_4)
FN:49,submitRating
FN:73,(anonymous_6)
FN:87,(anonymous_7)
FN:98,(anonymous_8)
FN:102,(anonymous_9)
FN:114,(anonymous_10)
FN:123,(anonymous_11)
FN:129,(anonymous_12)
FN:131,(anonymous_13)
FN:136,(anonymous_14)
FNF:15
FNH:0
FNDA:0,(anonymous_0)
FNDA:0,(anonymous_1)
FNDA:0,(anonymous_2)
FNDA:0,(anonymous_3)
FNDA:0,(anonymous_4)
FNDA:0,submitRating
FNDA:0,(anonymous_6)
FNDA:0,(anonymous_7)
FNDA:0,(anonymous_8)
FNDA:0,(anonymous_9)
FNDA:0,(anonymous_10)
FNDA:0,(anonymous_11)
FNDA:0,(anonymous_12)
FNDA:0,(anonymous_13)
FNDA:0,(anonymous_14)
DA:11,0
DA:12,0
DA:13,0
DA:14,0
DA:15,0
DA:16,0
DA:17,0
DA:19,0
DA:20,0
DA:21,0
DA:23,0
DA:24,0
DA:25,0
DA:26,0
DA:27,0
DA:28,0
DA:34,0
DA:35,0
DA:36,0
DA:37,0
DA:41,0
DA:42,0
DA:43,0
DA:44,0
DA:45,0
DA:50,0
DA:51,0
DA:53,0
DA:54,0
DA:56,0
DA:57,0
DA:58,0
DA:60,0
DA:61,0
DA:62,0
DA:63,0
DA:65,0
DA:72,0
DA:73,0
DA:74,0
DA:75,0
DA:76,0
DA:77,0
DA:80,0
DA:88,0
DA:99,0
DA:100,0
DA:101,0
DA:102,0
DA:114,0
DA:123,0
DA:130,0
DA:131,0
DA:137,0
LF:54
LH:0
BRDA:26,0,0,0
BRDA:26,0,1,0
BRDA:26,1,0,0
BRDA:26,1,1,0
BRDA:35,2,0,0
BRDA:35,2,1,0
BRDA:50,3,0,0
BRDA:50,3,1,0
BRDA:51,4,0,0
BRDA:51,4,1,0
BRDA:51,5,0,0
BRDA:51,5,1,0
BRDA:56,6,0,0
BRDA:56,6,1,0
BRDA:56,7,0,0
BRDA:56,7,1,0
BRDA:56,7,2,0
BRDA:60,8,0,0
BRDA:60,8,1,0
BRDA:61,9,0,0
BRDA:61,9,1,0
BRDA:67,10,0,0
BRDA:67,10,1,0
BRDA:67,10,2,0
BRDA:85,11,0,0
BRDA:85,11,1,0
BRDA:88,12,0,0
BRDA:88,12,1,0
BRDA:90,13,0,0
BRDA:90,13,1,0
BRDA:100,14,0,0
BRDA:100,14,1,0
BRDA:127,15,0,0
BRDA:127,15,1,0
BRDA:131,16,0,0
BRDA:131,16,1,0
BRDA:131,16,2,0
BRDA:134,17,0,0
BRDA:134,17,1,0
BRDA:137,18,0,0
BRDA:137,18,1,0
BRF:41
BRH:0
end_of_record
TN:
SF:src\components\ui\FieldFeedback.tsx
FN:8,(anonymous_0)
FNF:1
FNH:1
FNDA:1,(anonymous_0)
DA:8,1
DA:9,1
DA:10,1
LF:3
LH:3
BRDA:9,0,0,1
BRDA:9,0,1,1
BRF:2
BRH:2
end_of_record
TN:
SF:src\components\ui\FormField.tsx
FN:17,(anonymous_0)
FNF:1
FNH:1
FNDA:1,(anonymous_0)
DA:17,1
DA:18,1
LF:2
LH:2
BRDA:19,0,0,1
BRDA:19,0,1,1
BRDA:20,1,0,1
BRDA:20,1,1,1
BRDA:21,2,0,1
BRDA:21,2,1,1
BRDA:22,3,0,0
BRDA:22,3,1,1
BRDA:28,4,0,1
BRDA:28,4,1,0
BRDA:30,5,0,1
BRDA:30,5,1,0
BRDA:30,6,0,0
BRDA:30,6,1,0
BRF:14
BRH:9
end_of_record
TN:
SF:src\components\ui\Modal.tsx
FN:20,(anonymous_0)
FN:21,(anonymous_1)
FN:23,(anonymous_2)
FN:27,(anonymous_3)
FNF:4
FNH:0
FNDA:0,(anonymous_0)
FNDA:0,(anonymous_1)
FNDA:0,(anonymous_2)
FNDA:0,(anonymous_3)
DA:20,0
DA:21,0
DA:22,0
DA:23,0
DA:24,0
DA:26,0
DA:27,0
DA:30,0
DA:32,0
LF:9
LH:0
BRDA:20,0,0,0
BRDA:20,1,0,0
BRDA:20,2,0,0
BRDA:22,3,0,0
BRDA:22,3,1,0
BRDA:24,4,0,0
BRDA:24,4,1,0
BRDA:24,5,0,0
BRDA:24,5,1,0
BRDA:30,6,0,0
BRDA:30,6,1,0
BRDA:35,7,0,0
BRDA:35,7,1,0
BRDA:36,8,0,0
BRDA:36,8,1,0
BRDA:42,9,0,0
BRDA:42,9,1,0
BRDA:45,10,0,0
BRDA:45,10,1,0
BRF:19
BRH:0
end_of_record
TN:
SF:src\context\AuthContext.tsx
FN:16,readUser
FN:24,writeUser
FN:31,(anonymous_2)
FN:32,(anonymous_3)
FN:34,(anonymous_4)
FN:38,login
FN:43,logout
FN:58,useAuth
FNF:8
FNH:0
FNDA:0,readUser
FNDA:0,writeUser
FNDA:0,(anonymous_2)
FNDA:0,(anonymous_3)
FNDA:0,(anonymous_4)
FNDA:0,login
FNDA:0,logout
FNDA:0,useAuth
DA:2,0
DA:14,0
DA:17,0
DA:18,0
DA:20,0
DA:25,0
DA:26,0
DA:27,0
DA:31,0
DA:32,0
DA:34,0
DA:35,0
DA:39,0
DA:40,0
DA:45,0
DA:46,0
DA:47,0
DA:48,0
DA:49,0
DA:50,0
DA:52,0
DA:55,0
DA:59,0
DA:60,0
DA:61,0
LF:25
LH:0
BRDA:26,0,0,0
BRDA:26,0,1,0
BRDA:39,1,0,0
BRDA:39,1,1,0
BRDA:60,2,0,0
BRDA:60,2,1,0
BRF:6
BRH:0
end_of_record
TN:
SF:src\context\CartContext.tsx
FN:30,sanitizeKeyPart
FN:35,cartStorageKeyForUser
FN:44,readCartForKey
FN:53,writeCartForKey
FN:59,normalizeMessage
FN:63,resolveStockLimit
FN:70,totalQuantityForCode
FN:71,(anonymous_7)
FN:78,(anonymous_8)
FN:80,(anonymous_9)
FN:84,(anonymous_10)
FN:89,(anonymous_11)
FN:89,(anonymous_12)
FN:92,(anonymous_13)
FN:113,(anonymous_14)
FN:114,(anonymous_15)
FN:115,(anonymous_16)
FN:142,add
FN:151,(anonymous_18)
FN:153,(anonymous_19)
FN:160,addMultiple
FN:172,(anonymous_21)
FN:174,(anonymous_22)
FN:181,remove
FN:182,(anonymous_24)
FN:183,(anonymous_25)
FN:189,setQuantity
FN:196,(anonymous_27)
FN:210,(anonymous_28)
FN:220,(anonymous_29)
FN:226,addPersonalizedBatch
FN:235,(anonymous_31)
FN:243,(anonymous_32)
FN:256,clear
FN:257,(anonymous_34)
FN:269,useCart
FNF:36
FNH:0
FNDA:0,sanitizeKeyPart
FNDA:0,cartStorageKeyForUser
FNDA:0,readCartForKey
FNDA:0,writeCartForKey
FNDA:0,normalizeMessage
FNDA:0,resolveStockLimit
FNDA:0,totalQuantityForCode
FNDA:0,(anonymous_7)
FNDA:0,(anonymous_8)
FNDA:0,(anonymous_9)
FNDA:0,(anonymous_10)
FNDA:0,(anonymous_11)
FNDA:0,(anonymous_12)
FNDA:0,(anonymous_13)
FNDA:0,(anonymous_14)
FNDA:0,(anonymous_15)
FNDA:0,(anonymous_16)
FNDA:0,add
FNDA:0,(anonymous_18)
FNDA:0,(anonymous_19)
FNDA:0,addMultiple
FNDA:0,(anonymous_21)
FNDA:0,(anonymous_22)
FNDA:0,remove
FNDA:0,(anonymous_24)
FNDA:0,(anonymous_25)
FNDA:0,setQuantity
FNDA:0,(anonymous_27)
FNDA:0,(anonymous_28)
FNDA:0,(anonymous_29)
FNDA:0,addPersonalizedBatch
FNDA:0,(anonymous_31)
FNDA:0,(anonymous_32)
FNDA:0,clear
FNDA:0,(anonymous_34)
FNDA:0,useCart
DA:6,0
DA:28,0
DA:31,0
DA:32,0
DA:36,0
DA:37,0
DA:38,0
DA:39,0
DA:45,0
DA:46,0
DA:47,0
DA:49,0
DA:54,0
DA:57,0
DA:60,0
DA:64,0
DA:65,0
DA:66,0
DA:67,0
DA:71,0
DA:72,0
DA:73,0
DA:74,0
DA:78,0
DA:79,0
DA:80,0
DA:81,0
DA:84,0
DA:89,0
DA:92,0
DA:93,0
DA:94,0
DA:96,0
DA:97,0
DA:100,0
DA:102,0
DA:103,0
DA:106,0
DA:107,0
DA:110,0
DA:112,0
DA:113,0
DA:114,0
DA:115,0
DA:116,0
DA:117,0
DA:118,0
DA:119,0
DA:121,0
DA:124,0
DA:125,0
DA:127,0
DA:128,0
DA:129,0
DA:133,0
DA:134,0
DA:137,0
DA:139,0
DA:143,0
DA:144,0
DA:145,0
DA:146,0
DA:147,0
DA:148,0
DA:149,0
DA:151,0
DA:152,0
DA:153,0
DA:155,0
DA:156,0
DA:157,0
DA:161,0
DA:162,0
DA:164,0
DA:165,0
DA:166,0
DA:167,0
DA:168,0
DA:169,0
DA:170,0
DA:172,0
DA:173,0
DA:174,0
DA:176,0
DA:177,0
DA:178,0
DA:182,0
DA:183,0
DA:184,0
DA:185,0
DA:190,0
DA:191,0
DA:193,0
DA:194,0
DA:196,0
DA:197,0
DA:199,0
DA:200,0
DA:201,0
DA:203,0
DA:204,0
DA:205,0
DA:206,0
DA:209,0
DA:210,0
DA:211,0
DA:212,0
DA:213,0
DA:216,0
DA:217,0
DA:220,0
DA:221,0
DA:222,0
DA:223,0
DA:227,0
DA:228,0
DA:229,0
DA:230,0
DA:231,0
DA:232,0
DA:233,0
DA:235,0
DA:237,0
DA:239,0
DA:240,0
DA:241,0
DA:242,0
DA:243,0
DA:244,0
DA:245,0
DA:247,0
DA:251,0
DA:252,0
DA:253,0
DA:257,0
DA:258,0
DA:259,0
DA:260,0
DA:264,0
DA:266,0
DA:270,0
DA:271,0
DA:272,0
LF:143
LH:0
BRDA:31,0,0,0
BRDA:31,0,1,0
BRDA:36,1,0,0
BRDA:36,1,1,0
BRDA:37,2,0,0
BRDA:37,2,1,0
BRDA:38,3,0,0
BRDA:38,3,1,0
BRDA:47,4,0,0
BRDA:47,4,1,0
BRDA:60,5,0,0
BRDA:60,5,1,0
BRDA:66,6,0,0
BRDA:66,6,1,0
BRDA:66,7,0,0
BRDA:66,7,1,0
BRDA:66,7,2,0
BRDA:72,8,0,0
BRDA:72,8,1,0
BRDA:73,9,0,0
BRDA:73,9,1,0
BRDA:73,10,0,0
BRDA:73,10,1,0
BRDA:74,11,0,0
BRDA:74,11,1,0
BRDA:89,12,0,0
BRDA:89,12,1,0
BRDA:94,13,0,0
BRDA:94,13,1,0
BRDA:100,14,0,0
BRDA:100,14,1,0
BRDA:110,15,0,0
BRDA:110,15,1,0
BRDA:110,16,0,0
BRDA:110,16,1,0
BRDA:113,17,0,0
BRDA:113,17,1,0
BRDA:114,18,0,0
BRDA:114,18,1,0
BRDA:115,19,0,0
BRDA:115,19,1,0
BRDA:117,20,0,0
BRDA:117,20,1,0
BRDA:119,21,0,0
BRDA:119,21,1,0
BRDA:119,22,0,0
BRDA:119,22,1,0
BRDA:129,23,0,0
BRDA:129,23,1,0
BRDA:129,24,0,0
BRDA:129,24,1,0
BRDA:137,25,0,0
BRDA:137,25,1,0
BRDA:147,26,0,0
BRDA:147,26,1,0
BRDA:148,27,0,0
BRDA:148,27,1,0
BRDA:149,28,0,0
BRDA:149,28,1,0
BRDA:151,29,0,0
BRDA:151,29,1,0
BRDA:152,30,0,0
BRDA:152,30,1,0
BRDA:153,31,0,0
BRDA:153,31,1,0
BRDA:153,32,0,0
BRDA:153,32,1,0
BRDA:161,33,0,0
BRDA:161,33,1,0
BRDA:162,34,0,0
BRDA:162,34,1,0
BRDA:168,35,0,0
BRDA:168,35,1,0
BRDA:169,36,0,0
BRDA:169,36,1,0
BRDA:170,37,0,0
BRDA:170,37,1,0
BRDA:172,38,0,0
BRDA:172,38,1,0
BRDA:173,39,0,0
BRDA:173,39,1,0
BRDA:174,40,0,0
BRDA:174,40,1,0
BRDA:174,41,0,0
BRDA:174,41,1,0
BRDA:183,42,0,0
BRDA:183,42,1,0
BRDA:183,43,0,0
BRDA:183,43,1,0
BRDA:183,44,0,0
BRDA:183,44,1,0
BRDA:190,45,0,0
BRDA:190,45,1,0
BRDA:191,46,0,0
BRDA:191,46,1,0
BRDA:196,47,0,0
BRDA:196,47,1,0
BRDA:197,48,0,0
BRDA:197,48,1,0
BRDA:200,49,0,0
BRDA:200,49,1,0
BRDA:203,50,0,0
BRDA:203,50,1,0
BRDA:209,51,0,0
BRDA:209,51,1,0
BRDA:209,52,0,0
BRDA:209,52,1,0
BRDA:216,53,0,0
BRDA:216,53,1,0
BRDA:220,54,0,0
BRDA:220,54,1,0
BRDA:232,55,0,0
BRDA:232,55,1,0
BRDA:233,56,0,0
BRDA:233,56,1,0
BRDA:239,57,0,0
BRDA:239,57,1,0
BRDA:241,58,0,0
BRDA:241,58,1,0
BRDA:243,59,0,0
BRDA:243,59,1,0
BRDA:244,60,0,0
BRDA:244,60,1,0
BRDA:245,61,0,0
BRDA:245,61,1,0
BRDA:271,62,0,0
BRDA:271,62,1,0
BRF:127
BRH:0
end_of_record
TN:
SF:src\hooks\useInfoModal.tsx
FN:6,useInfoModal
FN:11,(anonymous_1)
FN:17,(anonymous_2)
FN:21,(anonymous_3)
FN:22,(anonymous_4)
FNF:5
FNH:0
FNDA:0,useInfoModal
FNDA:0,(anonymous_1)
FNDA:0,(anonymous_2)
FNDA:0,(anonymous_3)
FNDA:0,(anonymous_4)
DA:7,0
DA:8,0
DA:9,0
DA:11,0
DA:12,0
DA:13,0
DA:14,0
DA:17,0
DA:18,0
DA:21,0
DA:22,0
DA:29,0
LF:12
LH:0
BRF:0
BRH:0
end_of_record
TN:
SF:src\pages\account\Perfil.tsx
FN:12,(anonymous_0)
FN:44,productNameByCode
FN:46,(anonymous_2)
FN:50,(anonymous_3)
FN:59,(anonymous_4)
FN:70,(anonymous_5)
FN:71,(anonymous_6)
FN:76,(anonymous_7)
FN:77,onStorage
FN:81,(anonymous_9)
FN:82,(anonymous_10)
FN:88,(anonymous_11)
FN:91,handleSaveProfile
FN:103,persistAvatar
FN:112,requestSaveProfile
FN:120,(anonymous_15)
FN:131,cancelEdit
FN:140,confirmSaveProfile
FN:145,cancelSaveProfile
FN:149,openAddAddressModal
FN:157,cancelAddAddress
FN:162,handleAddAddress
FN:178,removeAddress
FN:181,(anonymous_23)
FN:185,requestRemoveAddress
FN:189,confirmRemoveAddress
FN:195,cancelRemoveAddress
FN:199,triggerAvatarUpload
FN:204,handleAvatarChange
FN:219,(anonymous_29)
FN:229,requestAvatarRemove
FN:233,confirmAvatarRemove
FN:241,cancelAvatarRemove
FN:245,confirmAvatarSave
FN:257,cancelAvatarSave
FN:299,(anonymous_35)
FN:305,(anonymous_36)
FN:311,(anonymous_37)
FN:328,(anonymous_38)
FN:369,(anonymous_39)
FN:376,(anonymous_40)
FN:409,(anonymous_41)
FN:417,(anonymous_42)
FN:452,(anonymous_43)
FN:471,(anonymous_44)
FN:474,(anonymous_45)
FN:476,(anonymous_46)
FN:480,(anonymous_47)
FN:482,(anonymous_48)
FN:482,(anonymous_49)
FNF:50
FNH:0
FNDA:0,(anonymous_0)
FNDA:0,productNameByCode
FNDA:0,(anonymous_2)
FNDA:0,(anonymous_3)
FNDA:0,(anonymous_4)
FNDA:0,(anonymous_5)
FNDA:0,(anonymous_6)
FNDA:0,(anonymous_7)
FNDA:0,onStorage
FNDA:0,(anonymous_9)
FNDA:0,(anonymous_10)
FNDA:0,(anonymous_11)
FNDA:0,handleSaveProfile
FNDA:0,persistAvatar
FNDA:0,requestSaveProfile
FNDA:0,(anonymous_15)
FNDA:0,cancelEdit
FNDA:0,confirmSaveProfile
FNDA:0,cancelSaveProfile
FNDA:0,openAddAddressModal
FNDA:0,cancelAddAddress
FNDA:0,handleAddAddress
FNDA:0,removeAddress
FNDA:0,(anonymous_23)
FNDA:0,requestRemoveAddress
FNDA:0,confirmRemoveAddress
FNDA:0,cancelRemoveAddress
FNDA:0,triggerAvatarUpload
FNDA:0,handleAvatarChange
FNDA:0,(anonymous_29)
FNDA:0,requestAvatarRemove
FNDA:0,confirmAvatarRemove
FNDA:0,cancelAvatarRemove
FNDA:0,confirmAvatarSave
FNDA:0,cancelAvatarSave
FNDA:0,(anonymous_35)
FNDA:0,(anonymous_36)
FNDA:0,(anonymous_37)
FNDA:0,(anonymous_38)
FNDA:0,(anonymous_39)
FNDA:0,(anonymous_40)
FNDA:0,(anonymous_41)
FNDA:0,(anonymous_42)
FNDA:0,(anonymous_43)
FNDA:0,(anonymous_44)
FNDA:0,(anonymous_45)
FNDA:0,(anonymous_46)
FNDA:0,(anonymous_47)
FNDA:0,(anonymous_48)
FNDA:0,(anonymous_49)
DA:12,0
DA:13,0
DA:14,0
DA:16,0
DA:17,0
DA:18,0
DA:19,0
DA:20,0
DA:21,0
DA:24,0
DA:25,0
DA:26,0
DA:27,0
DA:29,0
DA:30,0
DA:31,0
DA:33,0
DA:34,0
DA:35,0
DA:36,0
DA:39,0
DA:42,0
DA:45,0
DA:46,0
DA:47,0
DA:50,0
DA:51,0
DA:52,0
DA:53,0
DA:55,0
DA:59,0
DA:60,0
DA:61,0
DA:62,0
DA:63,0
DA:64,0
DA:66,0
DA:68,0
DA:69,0
DA:70,0
DA:71,0
DA:72,0
DA:73,0
DA:76,0
DA:78,0
DA:79,0
DA:80,0
DA:81,0
DA:82,0
DA:83,0
DA:87,0
DA:88,0
DA:92,0
DA:94,0
DA:95,0
DA:96,0
DA:98,0
DA:99,0
DA:104,0
DA:105,0
DA:106,0
DA:107,0
DA:108,0
DA:113,0
DA:115,0
DA:116,0
DA:120,0
DA:121,0
DA:122,0
DA:123,0
DA:133,0
DA:134,0
DA:135,0
DA:136,0
DA:137,0
DA:141,0
DA:142,0
DA:146,0
DA:150,0
DA:151,0
DA:152,0
DA:153,0
DA:154,0
DA:158,0
DA:159,0
DA:163,0
DA:164,0
DA:165,0
DA:166,0
DA:168,0
DA:169,0
DA:170,0
DA:171,0
DA:172,0
DA:173,0
DA:174,0
DA:175,0
DA:179,0
DA:180,0
DA:181,0
DA:182,0
DA:186,0
DA:190,0
DA:191,0
DA:192,0
DA:196,0
DA:200,0
DA:201,0
DA:205,0
DA:206,0
DA:207,0
DA:208,0
DA:209,0
DA:210,0
DA:211,0
DA:212,0
DA:213,0
DA:214,0
DA:215,0
DA:218,0
DA:219,0
DA:220,0
DA:221,0
DA:222,0
DA:223,0
DA:226,0
DA:230,0
DA:234,0
DA:235,0
DA:236,0
DA:237,0
DA:238,0
DA:242,0
DA:246,0
DA:247,0
DA:248,0
DA:250,0
DA:251,0
DA:252,0
DA:253,0
DA:254,0
DA:258,0
DA:259,0
DA:260,0
DA:263,0
DA:264,0
DA:265,0
DA:266,0
DA:268,0
DA:269,0
DA:270,0
DA:272,0
DA:276,0
DA:299,0
DA:305,0
DA:311,0
DA:328,0
DA:370,0
DA:377,0
DA:410,0
DA:417,0
DA:452,0
DA:471,0
DA:474,0
DA:476,0
DA:480,0
DA:482,0
LF:167
LH:0
BRDA:45,0,0,0
BRDA:45,0,1,0
BRDA:47,1,0,0
BRDA:47,1,1,0
BRDA:51,2,0,0
BRDA:51,2,1,0
BRDA:55,3,0,0
BRDA:55,3,1,0
BRDA:60,4,0,0
BRDA:60,4,1,0
BRDA:61,5,0,0
BRDA:61,5,1,0
BRDA:62,6,0,0
BRDA:62,6,1,0
BRDA:63,7,0,0
BRDA:63,7,1,0
BRDA:64,8,0,0
BRDA:64,8,1,0
BRDA:69,9,0,0
BRDA:69,9,1,0
BRDA:70,10,0,0
BRDA:70,10,1,0
BRDA:70,11,0,0
BRDA:70,11,1,0
BRDA:71,12,0,0
BRDA:71,12,1,0
BRDA:71,13,0,0
BRDA:71,13,1,0
BRDA:78,14,0,0
BRDA:78,14,1,0
BRDA:80,15,0,0
BRDA:80,15,1,0
BRDA:81,16,0,0
BRDA:81,16,1,0
BRDA:81,17,0,0
BRDA:81,17,1,0
BRDA:82,18,0,0
BRDA:82,18,1,0
BRDA:82,19,0,0
BRDA:82,19,1,0
BRDA:92,20,0,0
BRDA:92,20,1,0
BRDA:94,21,0,0
BRDA:94,21,1,0
BRDA:96,22,0,0
BRDA:96,22,1,0
BRDA:104,23,0,0
BRDA:104,23,1,0
BRDA:105,24,0,0
BRDA:105,24,1,0
BRDA:106,25,0,0
BRDA:106,25,1,0
BRDA:113,26,0,0
BRDA:113,26,1,0
BRDA:115,27,0,0
BRDA:115,27,1,0
BRDA:121,28,0,0
BRDA:121,28,1,0
BRDA:122,29,0,0
BRDA:122,29,1,0
BRDA:124,30,0,0
BRDA:124,30,1,0
BRDA:124,30,2,0
BRDA:124,30,3,0
BRDA:124,31,0,0
BRDA:124,31,1,0
BRDA:125,32,0,0
BRDA:125,32,1,0
BRDA:126,33,0,0
BRDA:126,33,1,0
BRDA:133,34,0,0
BRDA:133,34,1,0
BRDA:134,35,0,0
BRDA:134,35,1,0
BRDA:135,36,0,0
BRDA:135,36,1,0
BRDA:136,37,0,0
BRDA:136,37,1,0
BRDA:163,38,0,0
BRDA:163,38,1,0
BRDA:164,39,0,0
BRDA:164,39,1,0
BRDA:164,40,0,0
BRDA:164,40,1,0
BRDA:164,40,2,0
BRDA:170,41,0,0
BRDA:170,41,1,0
BRDA:172,42,0,0
BRDA:172,42,1,0
BRDA:179,43,0,0
BRDA:179,43,1,0
BRDA:180,44,0,0
BRDA:180,44,1,0
BRDA:182,45,0,0
BRDA:182,45,1,0
BRDA:190,46,0,0
BRDA:190,46,1,0
BRDA:206,47,0,0
BRDA:206,47,1,0
BRDA:209,48,0,0
BRDA:209,48,1,0
BRDA:210,49,0,0
BRDA:210,49,1,0
BRDA:211,50,0,0
BRDA:211,50,1,0
BRDA:211,50,2,0
BRDA:212,51,0,0
BRDA:212,51,1,0
BRDA:220,52,0,0
BRDA:220,52,1,0
BRDA:236,53,0,0
BRDA:236,53,1,0
BRDA:246,54,0,0
BRDA:246,54,1,0
BRDA:252,55,0,0
BRDA:252,55,1,0
BRDA:258,56,0,0
BRDA:258,56,1,0
BRDA:264,57,0,0
BRDA:264,57,1,0
BRDA:265,58,0,0
BRDA:265,58,1,0
BRDA:266,59,0,0
BRDA:266,59,1,0
BRDA:266,60,0,0
BRDA:266,60,1,0
BRDA:268,61,0,0
BRDA:268,61,1,0
BRDA:268,62,0,0
BRDA:268,62,1,0
BRDA:269,63,0,0
BRDA:269,63,1,0
BRDA:288,64,0,0
BRDA:288,64,1,0
BRDA:318,65,0,0
BRDA:318,65,1,0
BRDA:327,66,0,0
BRDA:327,66,1,0
BRDA:336,67,0,0
BRDA:336,67,1,0
BRDA:364,68,0,0
BRDA:364,68,1,0
BRDA:372,69,0,0
BRDA:372,69,1,0
BRDA:372,69,2,0
BRDA:374,70,0,0
BRDA:374,70,1,0
BRDA:374,71,0,0
BRDA:374,71,1,0
BRDA:377,72,0,0
BRDA:377,72,1,0
BRDA:377,72,2,0
BRDA:378,73,0,0
BRDA:378,73,1,0
BRDA:378,74,0,0
BRDA:378,74,1,0
BRDA:378,74,2,0
BRDA:386,75,0,0
BRDA:386,75,1,0
BRDA:387,76,0,0
BRDA:387,76,1,0
BRDA:404,77,0,0
BRDA:404,77,1,0
BRDA:404,78,0,0
BRDA:404,78,1,0
BRDA:414,79,0,0
BRDA:414,79,1,0
BRDA:435,80,0,0
BRDA:435,80,1,0
BRDA:439,81,0,0
BRDA:439,81,1,0
BRDA:444,82,0,0
BRDA:444,82,1,0
BRDA:445,83,0,0
BRDA:445,83,1,0
BRDA:445,84,0,0
BRDA:445,84,1,0
BRDA:446,85,0,0
BRDA:446,85,1,0
BRDA:447,86,0,0
BRDA:447,86,1,0
BRDA:452,87,0,0
BRDA:452,87,1,0
BRDA:482,88,0,0
BRDA:482,88,1,0
BRDA:485,89,0,0
BRDA:485,89,1,0
BRDA:532,90,0,0
BRDA:532,90,1,0
BRF:189
BRH:0
end_of_record
TN:
SF:src\pages\admin\Admin.tsx
FN:34,(anonymous_0)
FN:37,(anonymous_1)
FN:42,(anonymous_2)
FN:43,(anonymous_3)
FN:44,(anonymous_4)
FN:45,(anonymous_5)
FN:49,(anonymous_6)
FN:51,(anonymous_7)
FN:53,(anonymous_8)
FN:54,dvRut
FN:60,validarRut
FN:70,initCatalogLocal
FN:75,(anonymous_12)
FN:83,(anonymous_13)
FN:97,(anonymous_14)
FN:98,(anonymous_15)
FN:99,(anonymous_16)
FN:101,loadVentas
FN:121,emailToId
FN:128,ensureUsuariosConRol
FN:130,(anonymous_20)
FN:132,(anonymous_21)
FN:175,(anonymous_22)
FN:176,(anonymous_23)
FN:189,(anonymous_24)
FN:190,(anonymous_25)
FN:191,(anonymous_26)
FN:192,(anonymous_27)
FN:194,(anonymous_28)
FN:196,(anonymous_29)
FN:204,(anonymous_30)
FN:208,(anonymous_31)
FN:218,(anonymous_32)
FN:225,(anonymous_33)
FN:231,(anonymous_34)
FN:238,(anonymous_35)
FN:240,(anonymous_36)
FN:241,(anonymous_37)
FN:242,(anonymous_38)
FN:243,(anonymous_39)
FN:246,(anonymous_40)
FN:247,(anonymous_41)
FN:248,(anonymous_42)
FN:254,crearVendedor
FN:262,(anonymous_44)
FN:288,(anonymous_45)
FN:299,(anonymous_46)
FN:300,(anonymous_47)
FN:301,(anonymous_48)
FN:305,(anonymous_49)
FN:308,(anonymous_50)
FN:311,(anonymous_51)
FN:317,(anonymous_52)
FN:321,(anonymous_53)
FN:322,(anonymous_54)
FN:323,(anonymous_55)
FN:325,handleUserRoleChange
FN:326,(anonymous_57)
FN:341,(anonymous_58)
FN:342,(anonymous_59)
FN:343,(anonymous_60)
FN:346,(anonymous_61)
FN:358,handleUserBlockToggle
FN:359,(anonymous_63)
FN:376,(anonymous_64)
FN:377,(anonymous_65)
FN:378,(anonymous_66)
FN:381,(anonymous_67)
FN:393,requestDeleteUser
FN:400,(anonymous_69)
FN:413,(anonymous_70)
FN:414,(anonymous_71)
FN:415,(anonymous_72)
FN:425,(anonymous_73)
FN:435,SectionDashboard
FN:447,(anonymous_75)
FN:455,(anonymous_76)
FN:463,(anonymous_77)
FN:475,(anonymous_78)
FN:483,(anonymous_79)
FN:494,(anonymous_80)
FN:507,(anonymous_81)
FN:510,(anonymous_82)
FN:510,(anonymous_83)
FN:514,(anonymous_84)
FN:514,(anonymous_85)
FN:518,(anonymous_86)
FN:518,(anonymous_87)
FN:522,(anonymous_88)
FN:522,(anonymous_89)
FN:526,(anonymous_90)
FN:526,(anonymous_91)
FN:545,SectionProductos
FN:546,(anonymous_93)
FN:553,(anonymous_94)
FN:565,(anonymous_95)
FN:567,(anonymous_96)
FN:571,(anonymous_97)
FN:574,(anonymous_98)
FN:580,handleAddProduct
FN:592,(anonymous_100)
FN:611,(anonymous_101)
FN:627,(anonymous_102)
FN:627,(anonymous_103)
FN:631,(anonymous_104)
FN:647,handleSaveEdit
FN:651,(anonymous_106)
FN:666,(anonymous_107)
FN:684,handleDeleteProduct
FN:688,(anonymous_109)
FN:690,(anonymous_110)
FN:698,(anonymous_111)
FN:699,(anonymous_112)
FN:713,(anonymous_113)
FN:714,(anonymous_114)
FN:717,handleStockChange
FN:721,(anonymous_116)
FN:735,(anonymous_117)
FN:746,CatalogTable
FN:763,(anonymous_119)
FN:791,(anonymous_120)
FN:792,(anonymous_121)
FN:793,(anonymous_122)
FN:794,(anonymous_123)
FN:795,(anonymous_124)
FN:796,(anonymous_125)
FN:804,(anonymous_126)
FN:804,(anonymous_127)
FN:805,(anonymous_128)
FN:805,(anonymous_129)
FN:808,(anonymous_130)
FN:810,(anonymous_131)
FN:811,(anonymous_132)
FN:814,(anonymous_133)
FN:819,(anonymous_134)
FN:823,(anonymous_135)
FN:823,(anonymous_136)
FN:824,(anonymous_137)
FN:824,(anonymous_138)
FN:825,(anonymous_139)
FN:825,(anonymous_140)
FN:826,(anonymous_141)
FN:826,(anonymous_142)
FN:827,(anonymous_143)
FN:827,(anonymous_144)
FN:828,(anonymous_145)
FN:828,(anonymous_146)
FN:838,(anonymous_147)
FN:839,(anonymous_148)
FN:842,(anonymous_149)
FN:842,(anonymous_150)
FN:845,(anonymous_151)
FN:848,(anonymous_152)
FN:851,(anonymous_153)
FN:856,(anonymous_154)
FN:860,(anonymous_155)
FN:860,(anonymous_156)
FN:861,(anonymous_157)
FN:861,(anonymous_158)
FN:862,(anonymous_159)
FN:862,(anonymous_160)
FN:863,(anonymous_161)
FN:863,(anonymous_162)
FN:864,(anonymous_163)
FN:864,(anonymous_164)
FN:865,(anonymous_165)
FN:865,(anonymous_166)
FN:875,(anonymous_167)
FN:876,(anonymous_168)
FN:889,(anonymous_169)
FN:890,(anonymous_170)
FN:897,(anonymous_171)
FN:901,(anonymous_172)
FN:919,SectionCategorias
FN:920,(anonymous_174)
FN:922,(anonymous_175)
FN:927,(anonymous_176)
FN:927,(anonymous_177)
FN:928,(anonymous_178)
FN:932,(anonymous_179)
FN:940,(anonymous_180)
FN:940,(anonymous_181)
FN:942,handleDeleteCategory
FN:948,(anonymous_183)
FN:968,(anonymous_184)
FN:980,(anonymous_185)
FN:981,(anonymous_186)
FN:985,(anonymous_187)
FN:990,(anonymous_188)
FN:1000,(anonymous_189)
FN:1006,(anonymous_190)
FN:1013,(anonymous_191)
FN:1029,SectionUsuarios
FN:1031,(anonymous_193)
FN:1033,(anonymous_194)
FN:1034,(anonymous_195)
FN:1034,(anonymous_196)
FN:1041,(anonymous_197)
FN:1043,(anonymous_198)
FN:1046,(anonymous_199)
FN:1054,(anonymous_200)
FN:1056,(anonymous_201)
FN:1060,(anonymous_202)
FN:1068,(anonymous_203)
FN:1077,(anonymous_204)
FN:1078,(anonymous_205)
FN:1107,(anonymous_206)
FN:1121,(anonymous_207)
FN:1122,(anonymous_208)
FN:1131,(anonymous_209)
FN:1131,(anonymous_210)
FN:1152,(anonymous_211)
FN:1162,(anonymous_212)
FN:1166,(anonymous_213)
FN:1181,SectionOrdenes
FN:1182,(anonymous_215)
FN:1187,(anonymous_216)
FN:1189,(anonymous_217)
FN:1195,(anonymous_218)
FN:1196,(anonymous_219)
FN:1237,SectionReportes
FN:1239,(anonymous_221)
FN:1241,(anonymous_222)
FN:1243,(anonymous_223)
FN:1244,(anonymous_224)
FN:1245,(anonymous_225)
FN:1246,(anonymous_226)
FN:1251,(anonymous_227)
FN:1253,(anonymous_228)
FN:1254,(anonymous_229)
FN:1255,(anonymous_230)
FN:1256,(anonymous_231)
FN:1257,(anonymous_232)
FN:1258,(anonymous_233)
FN:1264,groupBy
FN:1265,(anonymous_235)
FN:1272,(anonymous_236)
FN:1281,(anonymous_237)
FN:1286,(anonymous_238)
FN:1287,(anonymous_239)
FN:1295,(anonymous_240)
FN:1312,(anonymous_241)
FN:1333,(anonymous_242)
FN:1343,(anonymous_243)
FN:1358,SectionAjustes
FN:1385,(anonymous_245)
FN:1386,(anonymous_246)
FN:1406,(anonymous_247)
FNF:248
FNH:0
FNDA:0,(anonymous_0)
FNDA:0,(anonymous_1)
FNDA:0,(anonymous_2)
FNDA:0,(anonymous_3)
FNDA:0,(anonymous_4)
FNDA:0,(anonymous_5)
FNDA:0,(anonymous_6)
FNDA:0,(anonymous_7)
FNDA:0,(anonymous_8)
FNDA:0,dvRut
FNDA:0,validarRut
FNDA:0,initCatalogLocal
FNDA:0,(anonymous_12)
FNDA:0,(anonymous_13)
FNDA:0,(anonymous_14)
FNDA:0,(anonymous_15)
FNDA:0,(anonymous_16)
FNDA:0,loadVentas
FNDA:0,emailToId
FNDA:0,ensureUsuariosConRol
FNDA:0,(anonymous_20)
FNDA:0,(anonymous_21)
FNDA:0,(anonymous_22)
FNDA:0,(anonymous_23)
FNDA:0,(anonymous_24)
FNDA:0,(anonymous_25)
FNDA:0,(anonymous_26)
FNDA:0,(anonymous_27)
FNDA:0,(anonymous_28)
FNDA:0,(anonymous_29)
FNDA:0,(anonymous_30)
FNDA:0,(anonymous_31)
FNDA:0,(anonymous_32)
FNDA:0,(anonymous_33)
FNDA:0,(anonymous_34)
FNDA:0,(anonymous_35)
FNDA:0,(anonymous_36)
FNDA:0,(anonymous_37)
FNDA:0,(anonymous_38)
FNDA:0,(anonymous_39)
FNDA:0,(anonymous_40)
FNDA:0,(anonymous_41)
FNDA:0,(anonymous_42)
FNDA:0,crearVendedor
FNDA:0,(anonymous_44)
FNDA:0,(anonymous_45)
FNDA:0,(anonymous_46)
FNDA:0,(anonymous_47)
FNDA:0,(anonymous_48)
FNDA:0,(anonymous_49)
FNDA:0,(anonymous_50)
FNDA:0,(anonymous_51)
FNDA:0,(anonymous_52)
FNDA:0,(anonymous_53)
FNDA:0,(anonymous_54)
FNDA:0,(anonymous_55)
FNDA:0,handleUserRoleChange
FNDA:0,(anonymous_57)
FNDA:0,(anonymous_58)
FNDA:0,(anonymous_59)
FNDA:0,(anonymous_60)
FNDA:0,(anonymous_61)
FNDA:0,handleUserBlockToggle
FNDA:0,(anonymous_63)
FNDA:0,(anonymous_64)
FNDA:0,(anonymous_65)
FNDA:0,(anonymous_66)
FNDA:0,(anonymous_67)
FNDA:0,requestDeleteUser
FNDA:0,(anonymous_69)
FNDA:0,(anonymous_70)
FNDA:0,(anonymous_71)
FNDA:0,(anonymous_72)
FNDA:0,(anonymous_73)
FNDA:0,SectionDashboard
FNDA:0,(anonymous_75)
FNDA:0,(anonymous_76)
FNDA:0,(anonymous_77)
FNDA:0,(anonymous_78)
FNDA:0,(anonymous_79)
FNDA:0,(anonymous_80)
FNDA:0,(anonymous_81)
FNDA:0,(anonymous_82)
FNDA:0,(anonymous_83)
FNDA:0,(anonymous_84)
FNDA:0,(anonymous_85)
FNDA:0,(anonymous_86)
FNDA:0,(anonymous_87)
FNDA:0,(anonymous_88)
FNDA:0,(anonymous_89)
FNDA:0,(anonymous_90)
FNDA:0,(anonymous_91)
FNDA:0,SectionProductos
FNDA:0,(anonymous_93)
FNDA:0,(anonymous_94)
FNDA:0,(anonymous_95)
FNDA:0,(anonymous_96)
FNDA:0,(anonymous_97)
FNDA:0,(anonymous_98)
FNDA:0,handleAddProduct
FNDA:0,(anonymous_100)
FNDA:0,(anonymous_101)
FNDA:0,(anonymous_102)
FNDA:0,(anonymous_103)
FNDA:0,(anonymous_104)
FNDA:0,handleSaveEdit
FNDA:0,(anonymous_106)
FNDA:0,(anonymous_107)
FNDA:0,handleDeleteProduct
FNDA:0,(anonymous_109)
FNDA:0,(anonymous_110)
FNDA:0,(anonymous_111)
FNDA:0,(anonymous_112)
FNDA:0,(anonymous_113)
FNDA:0,(anonymous_114)
FNDA:0,handleStockChange
FNDA:0,(anonymous_116)
FNDA:0,(anonymous_117)
FNDA:0,CatalogTable
FNDA:0,(anonymous_119)
FNDA:0,(anonymous_120)
FNDA:0,(anonymous_121)
FNDA:0,(anonymous_122)
FNDA:0,(anonymous_123)
FNDA:0,(anonymous_124)
FNDA:0,(anonymous_125)
FNDA:0,(anonymous_126)
FNDA:0,(anonymous_127)
FNDA:0,(anonymous_128)
FNDA:0,(anonymous_129)
FNDA:0,(anonymous_130)
FNDA:0,(anonymous_131)
FNDA:0,(anonymous_132)
FNDA:0,(anonymous_133)
FNDA:0,(anonymous_134)
FNDA:0,(anonymous_135)
FNDA:0,(anonymous_136)
FNDA:0,(anonymous_137)
FNDA:0,(anonymous_138)
FNDA:0,(anonymous_139)
FNDA:0,(anonymous_140)
FNDA:0,(anonymous_141)
FNDA:0,(anonymous_142)
FNDA:0,(anonymous_143)
FNDA:0,(anonymous_144)
FNDA:0,(anonymous_145)
FNDA:0,(anonymous_146)
FNDA:0,(anonymous_147)
FNDA:0,(anonymous_148)
FNDA:0,(anonymous_149)
FNDA:0,(anonymous_150)
FNDA:0,(anonymous_151)
FNDA:0,(anonymous_152)
FNDA:0,(anonymous_153)
FNDA:0,(anonymous_154)
FNDA:0,(anonymous_155)
FNDA:0,(anonymous_156)
FNDA:0,(anonymous_157)
FNDA:0,(anonymous_158)
FNDA:0,(anonymous_159)
FNDA:0,(anonymous_160)
FNDA:0,(anonymous_161)
FNDA:0,(anonymous_162)
FNDA:0,(anonymous_163)
FNDA:0,(anonymous_164)
FNDA:0,(anonymous_165)
FNDA:0,(anonymous_166)
FNDA:0,(anonymous_167)
FNDA:0,(anonymous_168)
FNDA:0,(anonymous_169)
FNDA:0,(anonymous_170)
FNDA:0,(anonymous_171)
FNDA:0,(anonymous_172)
FNDA:0,SectionCategorias
FNDA:0,(anonymous_174)
FNDA:0,(anonymous_175)
FNDA:0,(anonymous_176)
FNDA:0,(anonymous_177)
FNDA:0,(anonymous_178)
FNDA:0,(anonymous_179)
FNDA:0,(anonymous_180)
FNDA:0,(anonymous_181)
FNDA:0,handleDeleteCategory
FNDA:0,(anonymous_183)
FNDA:0,(anonymous_184)
FNDA:0,(anonymous_185)
FNDA:0,(anonymous_186)
FNDA:0,(anonymous_187)
FNDA:0,(anonymous_188)
FNDA:0,(anonymous_189)
FNDA:0,(anonymous_190)
FNDA:0,(anonymous_191)
FNDA:0,SectionUsuarios
FNDA:0,(anonymous_193)
FNDA:0,(anonymous_194)
FNDA:0,(anonymous_195)
FNDA:0,(anonymous_196)
FNDA:0,(anonymous_197)
FNDA:0,(anonymous_198)
FNDA:0,(anonymous_199)
FNDA:0,(anonymous_200)
FNDA:0,(anonymous_201)
FNDA:0,(anonymous_202)
FNDA:0,(anonymous_203)
FNDA:0,(anonymous_204)
FNDA:0,(anonymous_205)
FNDA:0,(anonymous_206)
FNDA:0,(anonymous_207)
FNDA:0,(anonymous_208)
FNDA:0,(anonymous_209)
FNDA:0,(anonymous_210)
FNDA:0,(anonymous_211)
FNDA:0,(anonymous_212)
FNDA:0,(anonymous_213)
FNDA:0,SectionOrdenes
FNDA:0,(anonymous_215)
FNDA:0,(anonymous_216)
FNDA:0,(anonymous_217)
FNDA:0,(anonymous_218)
FNDA:0,(anonymous_219)
FNDA:0,SectionReportes
FNDA:0,(anonymous_221)
FNDA:0,(anonymous_222)
FNDA:0,(anonymous_223)
FNDA:0,(anonymous_224)
FNDA:0,(anonymous_225)
FNDA:0,(anonymous_226)
FNDA:0,(anonymous_227)
FNDA:0,(anonymous_228)
FNDA:0,(anonymous_229)
FNDA:0,(anonymous_230)
FNDA:0,(anonymous_231)
FNDA:0,(anonymous_232)
FNDA:0,(anonymous_233)
FNDA:0,groupBy
FNDA:0,(anonymous_235)
FNDA:0,(anonymous_236)
FNDA:0,(anonymous_237)
FNDA:0,(anonymous_238)
FNDA:0,(anonymous_239)
FNDA:0,(anonymous_240)
FNDA:0,(anonymous_241)
FNDA:0,(anonymous_242)
FNDA:0,(anonymous_243)
FNDA:0,SectionAjustes
FNDA:0,(anonymous_245)
FNDA:0,(anonymous_246)
FNDA:0,(anonymous_247)
DA:34,0
DA:35,0
DA:36,0
DA:37,0
DA:38,0
DA:39,0
DA:40,0
DA:42,0
DA:43,0
DA:44,0
DA:45,0
DA:47,0
DA:49,0
DA:50,0
DA:51,0
DA:53,0
DA:55,0
DA:56,0
DA:57,0
DA:58,0
DA:61,0
DA:62,0
DA:63,0
DA:64,0
DA:65,0
DA:66,0
DA:71,0
DA:72,0
DA:73,0
DA:74,0
DA:75,0
DA:81,0
DA:83,0
DA:89,0
DA:91,0
DA:93,0
DA:97,0
DA:98,0
DA:99,0
DA:102,0
DA:103,0
DA:104,0
DA:105,0
DA:106,0
DA:107,0
DA:108,0
DA:117,0
DA:122,0
DA:123,0
DA:124,0
DA:125,0
DA:130,0
DA:132,0
DA:146,0
DA:147,0
DA:148,0
DA:149,0
DA:150,0
DA:152,0
DA:153,0
DA:154,0
DA:155,0
DA:156,0
DA:157,0
DA:165,0
DA:168,0
DA:170,0
DA:171,0
DA:175,0
DA:176,0
DA:177,0
DA:178,0
DA:179,0
DA:180,0
DA:181,0
DA:182,0
DA:184,0
DA:187,0
DA:189,0
DA:190,0
DA:191,0
DA:192,0
DA:194,0
DA:196,0
DA:197,0
DA:198,0
DA:199,0
DA:200,0
DA:203,0
DA:204,0
DA:208,0
DA:209,0
DA:210,0
DA:211,0
DA:212,0
DA:213,0
DA:218,0
DA:219,0
DA:221,0
DA:222,0
DA:223,0
DA:225,0
DA:226,0
DA:227,0
DA:229,0
DA:230,0
DA:231,0
DA:232,0
DA:233,0
DA:238,0
DA:239,0
DA:240,0
DA:241,0
DA:242,0
DA:243,0
DA:244,0
DA:246,0
DA:247,0
DA:248,0
DA:251,0
DA:252,0
DA:255,0
DA:256,0
DA:257,0
DA:258,0
DA:259,0
DA:260,0
DA:261,0
DA:262,0
DA:263,0
DA:265,0
DA:266,0
DA:267,0
DA:280,0
DA:281,0
DA:282,0
DA:283,0
DA:284,0
DA:288,0
DA:289,0
DA:290,0
DA:291,0
DA:292,0
DA:293,0
DA:294,0
DA:295,0
DA:296,0
DA:297,0
DA:299,0
DA:300,0
DA:301,0
DA:302,0
DA:303,0
DA:305,0
DA:308,0
DA:309,0
DA:311,0
DA:312,0
DA:313,0
DA:314,0
DA:315,0
DA:317,0
DA:318,0
DA:321,0
DA:322,0
DA:323,0
DA:326,0
DA:327,0
DA:328,0
DA:329,0
DA:330,0
DA:331,0
DA:342,0
DA:343,0
DA:344,0
DA:345,0
DA:346,0
DA:347,0
DA:348,0
DA:349,0
DA:352,0
DA:354,0
DA:359,0
DA:360,0
DA:361,0
DA:362,0
DA:363,0
DA:365,0
DA:366,0
DA:377,0
DA:378,0
DA:379,0
DA:380,0
DA:381,0
DA:382,0
DA:383,0
DA:384,0
DA:387,0
DA:389,0
DA:395,0
DA:396,0
DA:397,0
DA:399,0
DA:400,0
DA:401,0
DA:402,0
DA:403,0
DA:405,0
DA:414,0
DA:415,0
DA:416,0
DA:417,0
DA:419,0
DA:425,0
DA:426,0
DA:427,0
DA:428,0
DA:429,0
DA:430,0
DA:432,0
DA:436,0
DA:447,0
DA:455,0
DA:464,0
DA:475,0
DA:483,0
DA:494,0
DA:507,0
DA:510,0
DA:514,0
DA:518,0
DA:522,0
DA:526,0
DA:546,0
DA:547,0
DA:548,0
DA:549,0
DA:550,0
DA:551,0
DA:553,0
DA:555,0
DA:556,0
DA:557,0
DA:558,0
DA:561,0
DA:562,0
DA:563,0
DA:565,0
DA:566,0
DA:567,0
DA:568,0
DA:569,0
DA:571,0
DA:574,0
DA:575,0
DA:576,0
DA:581,0
DA:582,0
DA:583,0
DA:584,0
DA:585,0
DA:586,0
DA:587,0
DA:588,0
DA:589,0
DA:590,0
DA:591,0
DA:592,0
DA:593,0
DA:594,0
DA:605,0
DA:612,0
DA:613,0
DA:614,0
DA:615,0
DA:616,0
DA:617,0
DA:618,0
DA:619,0
DA:620,0
DA:626,0
DA:627,0
DA:628,0
DA:629,0
DA:630,0
DA:631,0
DA:632,0
DA:633,0
DA:643,0
DA:644,0
DA:648,0
DA:649,0
DA:650,0
DA:651,0
DA:652,0
DA:653,0
DA:654,0
DA:655,0
DA:656,0
DA:657,0
DA:658,0
DA:660,0
DA:667,0
DA:668,0
DA:669,0
DA:670,0
DA:671,0
DA:672,0
DA:673,0
DA:674,0
DA:675,0
DA:676,0
DA:677,0
DA:683,0
DA:685,0
DA:686,0
DA:687,0
DA:688,0
DA:689,0
DA:690,0
DA:691,0
DA:692,0
DA:699,0
DA:700,0
DA:701,0
DA:702,0
DA:703,0
DA:704,0
DA:710,0
DA:711,0
DA:712,0
DA:713,0
DA:714,0
DA:715,0
DA:718,0
DA:719,0
DA:720,0
DA:721,0
DA:722,0
DA:723,0
DA:724,0
DA:725,0
DA:726,0
DA:727,0
DA:728,0
DA:729,0
DA:736,0
DA:737,0
DA:738,0
DA:739,0
DA:740,0
DA:741,0
DA:747,0
DA:764,0
DA:765,0
DA:766,0
DA:767,0
DA:787,0
DA:791,0
DA:792,0
DA:793,0
DA:794,0
DA:795,0
DA:796,0
DA:804,0
DA:805,0
DA:809,0
DA:810,0
DA:811,0
DA:814,0
DA:819,0
DA:823,0
DA:824,0
DA:825,0
DA:826,0
DA:827,0
DA:828,0
DA:838,0
DA:839,0
DA:842,0
DA:846,0
DA:847,0
DA:848,0
DA:851,0
DA:856,0
DA:860,0
DA:861,0
DA:862,0
DA:863,0
DA:864,0
DA:865,0
DA:875,0
DA:876,0
DA:889,0
DA:890,0
DA:897,0
DA:901,0
DA:920,0
DA:921,0
DA:922,0
DA:923,0
DA:924,0
DA:925,0
DA:927,0
DA:928,0
DA:931,0
DA:932,0
DA:934,0
DA:935,0
DA:936,0
DA:937,0
DA:938,0
DA:940,0
DA:943,0
DA:944,0
DA:945,0
DA:946,0
DA:947,0
DA:948,0
DA:949,0
DA:951,0
DA:952,0
DA:955,0
DA:956,0
DA:957,0
DA:958,0
DA:959,0
DA:960,0
DA:961,0
DA:963,0
DA:964,0
DA:965,0
DA:968,0
DA:969,0
DA:970,0
DA:971,0
DA:975,0
DA:980,0
DA:982,0
DA:985,0
DA:990,0
DA:1001,0
DA:1002,0
DA:1003,0
DA:1006,0
DA:1013,0
DA:1030,0
DA:1031,0
DA:1033,0
DA:1034,0
DA:1037,0
DA:1038,0
DA:1040,0
DA:1041,0
DA:1042,0
DA:1043,0
DA:1046,0
DA:1047,0
DA:1048,0
DA:1049,0
DA:1052,0
DA:1053,0
DA:1054,0
DA:1056,0
DA:1057,0
DA:1058,0
DA:1060,0
DA:1061,0
DA:1062,0
DA:1063,0
DA:1064,0
DA:1065,0
DA:1068,0
DA:1069,0
DA:1070,0
DA:1072,0
DA:1073,0
DA:1075,0
DA:1076,0
DA:1077,0
DA:1079,0
DA:1085,0
DA:1108,0
DA:1121,0
DA:1122,0
DA:1131,0
DA:1153,0
DA:1162,0
DA:1166,0
DA:1182,0
DA:1183,0
DA:1187,0
DA:1189,0
DA:1194,0
DA:1195,0
DA:1197,0
DA:1201,0
DA:1238,0
DA:1239,0
DA:1241,0
DA:1242,0
DA:1243,0
DA:1244,0
DA:1245,0
DA:1246,0
DA:1248,0
DA:1251,0
DA:1252,0
DA:1253,0
DA:1254,0
DA:1255,0
DA:1256,0
DA:1257,0
DA:1258,0
DA:1259,0
DA:1261,0
DA:1265,0
DA:1266,0
DA:1267,0
DA:1268,0
DA:1272,0
DA:1273,0
DA:1274,0
DA:1275,0
DA:1276,0
DA:1278,0
DA:1281,0
DA:1282,0
DA:1283,0
DA:1284,0
DA:1286,0
DA:1287,0
DA:1289,0
DA:1295,0
DA:1312,0
DA:1333,0
DA:1343,0
DA:1360,0
DA:1372,0
DA:1386,0
DA:1406,0
LF:541
LH:0
BRDA:34,0,0,0
BRDA:34,0,1,0
BRDA:37,1,0,0
BRDA:38,2,0,0
BRDA:38,2,1,0
BRDA:40,3,0,0
BRDA:40,3,1,0
BRDA:40,3,2,0
BRDA:42,4,0,0
BRDA:42,4,1,0
BRDA:43,5,0,0
BRDA:43,5,1,0
BRDA:43,6,0,0
BRDA:43,6,1,0
BRDA:50,7,0,0
BRDA:50,7,1,0
BRDA:53,8,0,0
BRDA:53,8,1,0
BRDA:58,9,0,0
BRDA:58,9,1,0
BRDA:62,10,0,0
BRDA:62,10,1,0
BRDA:62,11,0,0
BRDA:62,11,1,0
BRDA:65,12,0,0
BRDA:65,12,1,0
BRDA:70,13,0,0
BRDA:72,14,0,0
BRDA:72,14,1,0
BRDA:73,15,0,0
BRDA:73,15,1,0
BRDA:73,16,0,0
BRDA:73,16,1,0
BRDA:74,17,0,0
BRDA:74,17,1,0
BRDA:77,18,0,0
BRDA:77,18,1,0
BRDA:78,19,0,0
BRDA:78,19,1,0
BRDA:79,20,0,0
BRDA:79,20,1,0
BRDA:85,21,0,0
BRDA:85,21,1,0
BRDA:86,22,0,0
BRDA:86,22,1,0
BRDA:87,23,0,0
BRDA:87,23,1,0
BRDA:93,24,0,0
BRDA:93,24,1,0
BRDA:97,25,0,0
BRDA:97,25,1,0
BRDA:99,26,0,0
BRDA:99,26,1,0
BRDA:103,27,0,0
BRDA:103,27,1,0
BRDA:107,28,0,0
BRDA:107,28,1,0
BRDA:109,29,0,0
BRDA:109,29,1,0
BRDA:110,30,0,0
BRDA:110,30,1,0
BRDA:110,30,2,0
BRDA:111,31,0,0
BRDA:111,31,1,0
BRDA:112,32,0,0
BRDA:112,32,1,0
BRDA:112,32,2,0
BRDA:122,33,0,0
BRDA:122,33,1,0
BRDA:125,34,0,0
BRDA:125,34,1,0
BRDA:130,35,0,0
BRDA:130,35,1,0
BRDA:130,36,0,0
BRDA:130,36,1,0
BRDA:132,37,0,0
BRDA:132,37,1,0
BRDA:140,38,0,0
BRDA:140,38,1,0
BRDA:148,39,0,0
BRDA:148,39,1,0
BRDA:149,40,0,0
BRDA:149,40,1,0
BRDA:153,41,0,0
BRDA:153,41,1,0
BRDA:154,42,0,0
BRDA:154,42,1,0
BRDA:156,43,0,0
BRDA:156,43,1,0
BRDA:161,44,0,0
BRDA:161,44,1,0
BRDA:161,44,2,0
BRDA:162,45,0,0
BRDA:162,45,1,0
BRDA:179,46,0,0
BRDA:179,46,1,0
BRDA:179,47,0,0
BRDA:179,47,1,0
BRDA:180,48,0,0
BRDA:180,48,1,0
BRDA:180,49,0,0
BRDA:180,49,1,0
BRDA:181,50,0,0
BRDA:181,50,1,0
BRDA:181,51,0,0
BRDA:181,51,1,0
BRDA:181,52,0,0
BRDA:181,52,1,0
BRDA:181,53,0,0
BRDA:181,53,1,0
BRDA:197,54,0,0
BRDA:197,54,1,0
BRDA:197,55,0,0
BRDA:197,55,1,0
BRDA:210,56,0,0
BRDA:210,56,1,0
BRDA:210,57,0,0
BRDA:210,57,1,0
BRDA:211,58,0,0
BRDA:211,58,1,0
BRDA:211,59,0,0
BRDA:211,59,1,0
BRDA:219,60,0,0
BRDA:219,60,1,0
BRDA:222,61,0,0
BRDA:222,61,1,0
BRDA:227,62,0,0
BRDA:227,62,1,0
BRDA:238,63,0,0
BRDA:238,63,1,0
BRDA:238,64,0,0
BRDA:238,64,1,0
BRDA:241,65,0,0
BRDA:241,65,1,0
BRDA:242,66,0,0
BRDA:242,66,1,0
BRDA:242,67,0,0
BRDA:242,67,1,0
BRDA:243,68,0,0
BRDA:243,68,1,0
BRDA:243,68,2,0
BRDA:243,69,0,0
BRDA:243,69,1,0
BRDA:257,70,0,0
BRDA:257,70,1,0
BRDA:258,71,0,0
BRDA:258,71,1,0
BRDA:258,72,0,0
BRDA:258,72,1,0
BRDA:259,73,0,0
BRDA:259,73,1,0
BRDA:259,74,0,0
BRDA:259,74,1,0
BRDA:260,75,0,0
BRDA:260,75,1,0
BRDA:260,76,0,0
BRDA:260,76,1,0
BRDA:260,76,2,0
BRDA:261,77,0,0
BRDA:261,77,1,0
BRDA:261,78,0,0
BRDA:261,78,1,0
BRDA:262,79,0,0
BRDA:262,79,1,0
BRDA:262,80,0,0
BRDA:262,80,1,0
BRDA:263,81,0,0
BRDA:263,81,1,0
BRDA:289,82,0,0
BRDA:289,82,1,0
BRDA:289,82,2,0
BRDA:290,83,0,0
BRDA:290,83,1,0
BRDA:292,84,0,0
BRDA:292,84,1,0
BRDA:296,85,0,0
BRDA:296,85,1,0
BRDA:296,86,0,0
BRDA:296,86,1,0
BRDA:296,86,2,0
BRDA:299,87,0,0
BRDA:299,88,0,0
BRDA:299,88,1,0
BRDA:303,89,0,0
BRDA:303,89,1,0
BRDA:305,90,0,0
BRDA:305,90,1,0
BRDA:305,90,2,0
BRDA:309,91,0,0
BRDA:309,91,1,0
BRDA:314,92,0,0
BRDA:314,92,1,0
BRDA:318,93,0,0
BRDA:318,93,1,0
BRDA:327,94,0,0
BRDA:327,94,1,0
BRDA:328,95,0,0
BRDA:328,95,1,0
BRDA:328,96,0,0
BRDA:328,96,1,0
BRDA:329,97,0,0
BRDA:329,97,1,0
BRDA:330,98,0,0
BRDA:330,98,1,0
BRDA:336,99,0,0
BRDA:336,99,1,0
BRDA:336,99,2,0
BRDA:343,100,0,0
BRDA:343,100,1,0
BRDA:347,101,0,0
BRDA:347,101,1,0
BRDA:348,102,0,0
BRDA:348,102,1,0
BRDA:348,103,0,0
BRDA:348,103,1,0
BRDA:360,104,0,0
BRDA:360,104,1,0
BRDA:361,105,0,0
BRDA:361,105,1,0
BRDA:365,106,0,0
BRDA:365,106,1,0
BRDA:371,107,0,0
BRDA:371,107,1,0
BRDA:371,107,2,0
BRDA:371,108,0,0
BRDA:371,108,1,0
BRDA:378,109,0,0
BRDA:378,109,1,0
BRDA:382,110,0,0
BRDA:382,110,1,0
BRDA:383,111,0,0
BRDA:383,111,1,0
BRDA:383,112,0,0
BRDA:383,112,1,0
BRDA:395,113,0,0
BRDA:395,113,1,0
BRDA:400,114,0,0
BRDA:400,114,1,0
BRDA:400,115,0,0
BRDA:400,115,1,0
BRDA:400,116,0,0
BRDA:400,116,1,0
BRDA:401,117,0,0
BRDA:401,117,1,0
BRDA:410,118,0,0
BRDA:410,118,1,0
BRDA:415,119,0,0
BRDA:415,119,1,0
BRDA:428,120,0,0
BRDA:428,120,1,0
BRDA:430,121,0,0
BRDA:430,121,1,0
BRDA:430,122,0,0
BRDA:430,122,1,0
BRDA:460,123,0,0
BRDA:460,123,1,0
BRDA:465,124,0,0
BRDA:465,124,1,0
BRDA:465,124,2,0
BRDA:465,124,3,0
BRDA:532,125,0,0
BRDA:532,125,1,0
BRDA:533,126,0,0
BRDA:533,126,1,0
BRDA:550,127,0,0
BRDA:550,127,1,0
BRDA:567,128,0,0
BRDA:567,128,1,0
BRDA:568,129,0,0
BRDA:568,129,1,0
BRDA:568,129,2,0
BRDA:569,130,0,0
BRDA:569,130,1,0
BRDA:575,131,0,0
BRDA:575,131,1,0
BRDA:575,132,0,0
BRDA:575,132,1,0
BRDA:583,133,0,0
BRDA:583,133,1,0
BRDA:584,134,0,0
BRDA:584,134,1,0
BRDA:585,135,0,0
BRDA:585,135,1,0
BRDA:585,136,0,0
BRDA:585,136,1,0
BRDA:585,137,0,0
BRDA:585,137,1,0
BRDA:587,138,0,0
BRDA:587,138,1,0
BRDA:588,139,0,0
BRDA:588,139,1,0
BRDA:589,140,0,0
BRDA:589,140,1,0
BRDA:590,141,0,0
BRDA:590,141,1,0
BRDA:590,142,0,0
BRDA:590,142,1,0
BRDA:592,143,0,0
BRDA:592,143,1,0
BRDA:599,144,0,0
BRDA:599,144,1,0
BRDA:600,145,0,0
BRDA:600,145,1,0
BRDA:601,146,0,0
BRDA:601,146,1,0
BRDA:602,147,0,0
BRDA:602,147,1,0
BRDA:603,148,0,0
BRDA:603,148,1,0
BRDA:618,149,0,0
BRDA:618,149,1,0
BRDA:618,150,0,0
BRDA:618,150,1,0
BRDA:626,151,0,0
BRDA:626,151,1,0
BRDA:627,152,0,0
BRDA:627,152,1,0
BRDA:632,153,0,0
BRDA:632,153,1,0
BRDA:634,154,0,0
BRDA:634,154,1,0
BRDA:635,155,0,0
BRDA:635,155,1,0
BRDA:635,155,2,0
BRDA:636,156,0,0
BRDA:636,156,1,0
BRDA:637,157,0,0
BRDA:637,157,1,0
BRDA:638,158,0,0
BRDA:638,158,1,0
BRDA:639,159,0,0
BRDA:639,159,1,0
BRDA:640,160,0,0
BRDA:640,160,1,0
BRDA:641,161,0,0
BRDA:641,161,1,0
BRDA:652,162,0,0
BRDA:652,162,1,0
BRDA:654,163,0,0
BRDA:654,163,1,0
BRDA:655,164,0,0
BRDA:655,164,1,0
BRDA:656,165,0,0
BRDA:656,165,1,0
BRDA:656,166,0,0
BRDA:656,166,1,0
BRDA:656,167,0,0
BRDA:656,167,1,0
BRDA:657,168,0,0
BRDA:657,168,1,0
BRDA:663,169,0,0
BRDA:663,169,1,0
BRDA:663,169,2,0
BRDA:668,170,0,0
BRDA:668,170,1,0
BRDA:668,171,0,0
BRDA:668,171,1,0
BRDA:669,172,0,0
BRDA:669,172,1,0
BRDA:670,173,0,0
BRDA:670,173,1,0
BRDA:671,174,0,0
BRDA:671,174,1,0
BRDA:672,175,0,0
BRDA:672,175,1,0
BRDA:683,176,0,0
BRDA:683,176,1,0
BRDA:689,177,0,0
BRDA:689,177,1,0
BRDA:691,178,0,0
BRDA:691,178,1,0
BRDA:691,178,2,0
BRDA:710,179,0,0
BRDA:710,179,1,0
BRDA:714,180,0,0
BRDA:714,180,1,0
BRDA:715,181,0,0
BRDA:715,181,1,0
BRDA:715,182,0,0
BRDA:715,182,1,0
BRDA:722,183,0,0
BRDA:722,183,1,0
BRDA:724,184,0,0
BRDA:724,184,1,0
BRDA:725,185,0,0
BRDA:725,185,1,0
BRDA:726,186,0,0
BRDA:726,186,1,0
BRDA:726,187,0,0
BRDA:726,187,1,0
BRDA:727,188,0,0
BRDA:727,188,1,0
BRDA:728,189,0,0
BRDA:728,189,1,0
BRDA:728,189,2,0
BRDA:732,190,0,0
BRDA:732,190,1,0
BRDA:759,191,0,0
BRDA:759,191,1,0
BRDA:760,192,0,0
BRDA:760,192,1,0
BRDA:763,193,0,0
BRDA:763,193,1,0
BRDA:765,194,0,0
BRDA:765,194,1,0
BRDA:766,195,0,0
BRDA:766,195,1,0
BRDA:769,196,0,0
BRDA:769,196,1,0
BRDA:770,197,0,0
BRDA:770,197,1,0
BRDA:770,197,2,0
BRDA:771,198,0,0
BRDA:771,198,1,0
BRDA:771,198,2,0
BRDA:772,199,0,0
BRDA:772,199,1,0
BRDA:772,199,2,0
BRDA:773,200,0,0
BRDA:773,200,1,0
BRDA:775,201,0,0
BRDA:775,201,1,0
BRDA:791,202,0,0
BRDA:791,202,1,0
BRDA:792,203,0,0
BRDA:792,203,1,0
BRDA:793,204,0,0
BRDA:793,204,1,0
BRDA:794,205,0,0
BRDA:794,205,1,0
BRDA:795,206,0,0
BRDA:795,206,1,0
BRDA:796,207,0,0
BRDA:796,207,1,0
BRDA:800,208,0,0
BRDA:800,208,1,0
BRDA:802,209,0,0
BRDA:802,209,1,0
BRDA:808,210,0,0
BRDA:808,210,1,0
BRDA:808,211,0,0
BRDA:808,211,1,0
BRDA:810,212,0,0
BRDA:810,212,1,0
BRDA:813,213,0,0
BRDA:813,213,1,0
BRDA:817,214,0,0
BRDA:817,214,1,0
BRDA:830,215,0,0
BRDA:830,215,1,0
BRDA:830,216,0,0
BRDA:830,216,1,0
BRDA:834,217,0,0
BRDA:834,217,1,0
BRDA:839,218,0,0
BRDA:839,218,1,0
BRDA:839,219,0,0
BRDA:839,219,1,0
BRDA:845,220,0,0
BRDA:845,220,1,0
BRDA:845,221,0,0
BRDA:845,221,1,0
BRDA:847,222,0,0
BRDA:847,222,1,0
BRDA:854,223,0,0
BRDA:854,223,1,0
BRDA:867,224,0,0
BRDA:867,224,1,0
BRDA:867,225,0,0
BRDA:867,225,1,0
BRDA:871,226,0,0
BRDA:871,226,1,0
BRDA:876,227,0,0
BRDA:876,227,1,0
BRDA:876,228,0,0
BRDA:876,228,1,0
BRDA:880,229,0,0
BRDA:880,229,1,0
BRDA:880,230,0,0
BRDA:880,230,1,0
BRDA:884,231,0,0
BRDA:884,231,1,0
BRDA:890,232,0,0
BRDA:890,232,1,0
BRDA:890,233,0,0
BRDA:890,233,1,0
BRDA:907,234,0,0
BRDA:907,234,1,0
BRDA:907,235,0,0
BRDA:907,235,1,0
BRDA:911,236,0,0
BRDA:911,236,1,0
BRDA:922,237,0,0
BRDA:922,237,1,0
BRDA:923,238,0,0
BRDA:923,238,1,0
BRDA:924,239,0,0
BRDA:924,239,1,0
BRDA:925,240,0,0
BRDA:925,240,1,0
BRDA:931,241,0,0
BRDA:931,241,1,0
BRDA:932,242,0,0
BRDA:932,242,1,0
BRDA:932,243,0,0
BRDA:932,243,1,0
BRDA:940,244,0,0
BRDA:940,244,1,0
BRDA:945,245,0,0
BRDA:945,245,1,0
BRDA:946,246,0,0
BRDA:946,246,1,0
BRDA:948,247,0,0
BRDA:948,247,1,0
BRDA:949,248,0,0
BRDA:949,248,1,0
BRDA:955,249,0,0
BRDA:955,249,1,0
BRDA:956,250,0,0
BRDA:956,250,1,0
BRDA:956,251,0,0
BRDA:956,251,1,0
BRDA:956,252,0,0
BRDA:956,252,1,0
BRDA:957,253,0,0
BRDA:957,253,1,0
BRDA:959,254,0,0
BRDA:959,254,1,0
BRDA:961,255,0,0
BRDA:961,255,1,0
BRDA:961,256,0,0
BRDA:961,256,1,0
BRDA:968,257,0,0
BRDA:968,257,1,0
BRDA:985,258,0,0
BRDA:985,258,1,0
BRDA:996,259,0,0
BRDA:996,259,1,0
BRDA:1000,260,0,0
BRDA:1000,260,1,0
BRDA:1000,261,0,0
BRDA:1000,261,1,0
BRDA:1002,262,0,0
BRDA:1002,262,1,0
BRDA:1005,263,0,0
BRDA:1005,263,1,0
BRDA:1010,264,0,0
BRDA:1010,264,1,0
BRDA:1020,265,0,0
BRDA:1020,265,1,0
BRDA:1021,266,0,0
BRDA:1021,266,1,0
BRDA:1024,267,0,0
BRDA:1024,267,1,0
BRDA:1024,268,0,0
BRDA:1024,268,1,0
BRDA:1031,269,0,0
BRDA:1031,269,1,0
BRDA:1031,270,0,0
BRDA:1031,270,1,0
BRDA:1038,271,0,0
BRDA:1038,271,1,0
BRDA:1040,272,0,0
BRDA:1040,272,1,0
BRDA:1042,273,0,0
BRDA:1042,273,1,0
BRDA:1043,274,0,0
BRDA:1043,274,1,0
BRDA:1047,275,0,0
BRDA:1047,275,1,0
BRDA:1047,276,0,0
BRDA:1047,276,1,0
BRDA:1048,277,0,0
BRDA:1048,277,1,0
BRDA:1052,278,0,0
BRDA:1052,278,1,0
BRDA:1054,279,0,0
BRDA:1054,279,1,0
BRDA:1054,280,0,0
BRDA:1054,280,1,0
BRDA:1054,281,0,0
BRDA:1054,281,1,0
BRDA:1058,282,0,0
BRDA:1058,282,1,0
BRDA:1062,283,0,0
BRDA:1062,283,1,0
BRDA:1062,284,0,0
BRDA:1062,284,1,0
BRDA:1063,285,0,0
BRDA:1063,285,1,0
BRDA:1064,286,0,0
BRDA:1064,286,1,0
BRDA:1065,287,0,0
BRDA:1065,287,1,0
BRDA:1069,288,0,0
BRDA:1069,288,1,0
BRDA:1072,289,0,0
BRDA:1072,289,1,0
BRDA:1107,290,0,0
BRDA:1107,290,1,0
BRDA:1108,291,0,0
BRDA:1108,291,1,0
BRDA:1108,292,0,0
BRDA:1108,292,1,0
BRDA:1108,293,0,0
BRDA:1108,293,1,0
BRDA:1108,294,0,0
BRDA:1108,294,1,0
BRDA:1132,295,0,0
BRDA:1132,295,1,0
BRDA:1152,296,0,0
BRDA:1152,296,1,0
BRDA:1155,297,0,0
BRDA:1155,297,1,0
BRDA:1155,298,0,0
BRDA:1155,298,1,0
BRDA:1156,299,0,0
BRDA:1156,299,1,0
BRDA:1157,300,0,0
BRDA:1157,300,1,0
BRDA:1158,301,0,0
BRDA:1158,301,1,0
BRDA:1162,302,0,0
BRDA:1162,302,1,0
BRDA:1184,303,0,0
BRDA:1184,303,1,0
BRDA:1185,304,0,0
BRDA:1185,304,1,0
BRDA:1186,305,0,0
BRDA:1186,305,1,0
BRDA:1187,306,0,0
BRDA:1187,306,1,0
BRDA:1187,307,0,0
BRDA:1187,307,1,0
BRDA:1187,307,2,0
BRDA:1196,308,0,0
BRDA:1196,308,1,0
BRDA:1197,309,0,0
BRDA:1197,309,1,0
BRDA:1197,309,2,0
BRDA:1197,310,0,0
BRDA:1197,310,1,0
BRDA:1197,310,2,0
BRDA:1197,311,0,0
BRDA:1197,311,1,0
BRDA:1217,312,0,0
BRDA:1217,312,1,0
BRDA:1223,313,0,0
BRDA:1223,313,1,0
BRDA:1227,314,0,0
BRDA:1227,314,1,0
BRDA:1230,315,0,0
BRDA:1230,315,1,0
BRDA:1239,316,0,0
BRDA:1239,316,1,0
BRDA:1253,317,0,0
BRDA:1253,317,1,0
BRDA:1253,318,0,0
BRDA:1253,318,1,0
BRDA:1253,319,0,0
BRDA:1253,319,1,0
BRDA:1257,320,0,0
BRDA:1257,320,1,0
BRDA:1258,321,0,0
BRDA:1258,321,1,0
BRDA:1258,322,0,0
BRDA:1258,322,1,0
BRDA:1276,323,0,0
BRDA:1276,323,1,0
BRDA:1276,324,0,0
BRDA:1276,324,1,0
BRDA:1283,325,0,0
BRDA:1283,325,1,0
BRDA:1283,325,2,0
BRDA:1283,325,3,0
BRDA:1311,326,0,0
BRDA:1311,326,1,0
BRDA:1333,327,0,0
BRDA:1333,327,1,0
BRDA:1343,328,0,0
BRDA:1343,328,1,0
BRDA:1386,329,0,0
BRDA:1386,329,1,0
BRDA:1393,330,0,0
BRDA:1393,330,1,0
BRDA:1394,331,0,0
BRDA:1394,331,1,0
BRDA:1395,332,0,0
BRDA:1395,332,1,0
BRDA:1396,333,0,0
BRDA:1396,333,1,0
BRDA:1397,334,0,0
BRDA:1397,334,1,0
BRDA:1399,335,0,0
BRDA:1399,335,1,0
BRDA:1408,336,0,0
BRDA:1408,336,1,0
BRDA:1409,337,0,0
BRDA:1409,337,1,0
BRF:699
BRH:0
end_of_record
TN:
SF:src\pages\auth\Registro.tsx
FN:12,(anonymous_0)
FN:35,clearFieldError
FN:36,(anonymous_2)
FN:43,validate
FN:62,onSubmit
FN:83,closeSuccess
FN:88,onRunChange
FN:133,(anonymous_7)
FN:137,(anonymous_8)
FN:141,(anonymous_9)
FN:145,(anonymous_10)
FN:151,(anonymous_11)
FN:161,(anonymous_12)
FN:167,(anonymous_13)
FN:167,(anonymous_14)
FN:168,(anonymous_15)
FN:168,(anonymous_16)
FN:174,(anonymous_17)
FN:174,(anonymous_18)
FN:175,(anonymous_19)
FN:175,(anonymous_20)
FN:180,(anonymous_21)
FN:190,(anonymous_22)
FNF:23
FNH:0
FNDA:0,(anonymous_0)
FNDA:0,clearFieldError
FNDA:0,(anonymous_2)
FNDA:0,validate
FNDA:0,onSubmit
FNDA:0,closeSuccess
FNDA:0,onRunChange
FNDA:0,(anonymous_7)
FNDA:0,(anonymous_8)
FNDA:0,(anonymous_9)
FNDA:0,(anonymous_10)
FNDA:0,(anonymous_11)
FNDA:0,(anonymous_12)
FNDA:0,(anonymous_13)
FNDA:0,(anonymous_14)
FNDA:0,(anonymous_15)
FNDA:0,(anonymous_16)
FNDA:0,(anonymous_17)
FNDA:0,(anonymous_18)
FNDA:0,(anonymous_19)
FNDA:0,(anonymous_20)
FNDA:0,(anonymous_21)
FNDA:0,(anonymous_22)
DA:12,0
DA:13,0
DA:14,0
DA:17,0
DA:19,0
DA:20,0
DA:21,0
DA:22,0
DA:23,0
DA:24,0
DA:25,0
DA:26,0
DA:29,0
DA:30,0
DA:31,0
DA:32,0
DA:33,0
DA:36,0
DA:37,0
DA:38,0
DA:39,0
DA:44,0
DA:45,0
DA:46,0
DA:47,0
DA:48,0
DA:49,0
DA:50,0
DA:51,0
DA:52,0
DA:55,0
DA:56,0
DA:57,0
DA:58,0
DA:59,0
DA:63,0
DA:64,0
DA:65,0
DA:66,0
DA:69,0
DA:71,0
DA:72,0
DA:73,0
DA:74,0
DA:75,0
DA:78,0
DA:80,0
DA:84,0
DA:85,0
DA:89,0
DA:90,0
DA:93,0
DA:95,0
DA:133,0
DA:137,0
DA:141,0
DA:145,0
DA:151,0
DA:161,0
DA:167,0
DA:168,0
DA:174,0
DA:175,0
DA:180,0
DA:190,0
LF:65
LH:0
BRDA:17,0,0,0
BRDA:17,0,1,0
BRDA:45,1,0,0
BRDA:45,1,1,0
BRDA:45,2,0,0
BRDA:45,2,1,0
BRDA:47,3,0,0
BRDA:47,3,1,0
BRDA:48,4,0,0
BRDA:48,4,1,0
BRDA:49,5,0,0
BRDA:49,5,1,0
BRDA:49,6,0,0
BRDA:49,6,1,0
BRDA:50,7,0,0
BRDA:50,7,1,0
BRDA:52,8,0,0
BRDA:52,8,1,0
BRDA:55,9,0,0
BRDA:55,9,1,0
BRDA:55,10,0,0
BRDA:55,10,1,0
BRDA:56,11,0,0
BRDA:56,11,1,0
BRDA:57,12,0,0
BRDA:57,12,1,0
BRDA:58,13,0,0
BRDA:58,13,1,0
BRDA:66,14,0,0
BRDA:66,14,1,0
BRDA:72,15,0,0
BRDA:72,15,1,0
BRDA:73,16,0,0
BRDA:73,16,1,0
BRDA:133,17,0,0
BRDA:133,17,1,0
BRDA:137,18,0,0
BRDA:137,18,1,0
BRDA:141,19,0,0
BRDA:141,19,1,0
BRDA:145,20,0,0
BRDA:145,20,1,0
BRDA:151,21,0,0
BRDA:151,21,1,0
BRDA:167,22,0,0
BRDA:167,22,1,0
BRDA:167,23,0,0
BRDA:167,23,1,0
BRDA:167,24,0,0
BRDA:167,24,1,0
BRDA:167,25,0,0
BRDA:167,25,1,0
BRDA:174,26,0,0
BRDA:174,26,1,0
BRDA:174,27,0,0
BRDA:174,27,1,0
BRDA:174,28,0,0
BRDA:174,28,1,0
BRDA:174,29,0,0
BRDA:174,29,1,0
BRDA:180,30,0,0
BRDA:180,30,1,0
BRF:62
BRH:0
end_of_record
TN:
SF:src\pages\blog\Blog.tsx
FN:25,(anonymous_0)
FN:30,(anonymous_1)
FN:45,(anonymous_2)
FN:52,(anonymous_3)
FN:59,(anonymous_4)
FN:68,saveMensajes
FN:72,handleSubmitChat
FN:103,(anonymous_7)
FN:122,(anonymous_8)
FN:124,(anonymous_9)
FN:127,(anonymous_10)
FN:133,(anonymous_11)
FN:138,(anonymous_12)
FN:140,(anonymous_13)
FN:149,(anonymous_14)
FN:150,(anonymous_15)
FN:153,(anonymous_16)
FN:156,(anonymous_17)
FNF:18
FNH:0
FNDA:0,(anonymous_0)
FNDA:0,(anonymous_1)
FNDA:0,(anonymous_2)
FNDA:0,(anonymous_3)
FNDA:0,(anonymous_4)
FNDA:0,saveMensajes
FNDA:0,handleSubmitChat
FNDA:0,(anonymous_7)
FNDA:0,(anonymous_8)
FNDA:0,(anonymous_9)
FNDA:0,(anonymous_10)
FNDA:0,(anonymous_11)
FNDA:0,(anonymous_12)
FNDA:0,(anonymous_13)
FNDA:0,(anonymous_14)
FNDA:0,(anonymous_15)
FNDA:0,(anonymous_16)
FNDA:0,(anonymous_17)
DA:17,0
DA:25,0
DA:26,0
DA:27,0
DA:31,0
DA:45,0
DA:46,0
DA:47,0
DA:48,0
DA:49,0
DA:50,0
DA:52,0
DA:53,0
DA:54,0
DA:55,0
DA:56,0
DA:57,0
DA:59,0
DA:60,0
DA:61,0
DA:65,0
DA:69,0
DA:73,0
DA:74,0
DA:75,0
DA:76,0
DA:77,0
DA:78,0
DA:79,0
DA:80,0
DA:81,0
DA:82,0
DA:83,0
DA:86,0
DA:104,0
DA:122,0
DA:124,0
DA:127,0
DA:133,0
DA:138,0
DA:140,0
DA:149,0
DA:150,0
DA:153,0
DA:157,0
LF:45
LH:0
BRDA:32,0,0,0
BRDA:32,0,1,0
BRDA:32,1,0,0
BRDA:32,1,1,0
BRDA:33,2,0,0
BRDA:33,2,1,0
BRDA:55,3,0,0
BRDA:55,3,1,0
BRDA:57,4,0,0
BRDA:57,4,1,0
BRDA:59,5,0,0
BRDA:59,5,1,0
BRDA:75,6,0,0
BRDA:75,6,1,0
BRDA:76,7,0,0
BRDA:76,7,1,0
BRDA:76,8,0,0
BRDA:76,8,1,0
BRDA:137,9,0,0
BRDA:137,9,1,0
BRDA:148,10,0,0
BRDA:148,10,1,0
BRDA:158,11,0,0
BRDA:158,11,1,0
BRDA:158,12,0,0
BRDA:158,12,1,0
BRDA:159,13,0,0
BRDA:159,13,1,0
BRF:28
BRH:0
end_of_record
TN:
SF:src\pages\blog\Receta.tsx
FN:6,useQuery
FN:10,(anonymous_1)
FN:16,(anonymous_2)
FN:28,(anonymous_3)
FN:45,(anonymous_4)
FN:60,(anonymous_5)
FN:68,(anonymous_6)
FNF:7
FNH:0
FNDA:0,useQuery
FNDA:0,(anonymous_1)
FNDA:0,(anonymous_2)
FNDA:0,(anonymous_3)
FNDA:0,(anonymous_4)
FNDA:0,(anonymous_5)
FNDA:0,(anonymous_6)
DA:7,0
DA:10,0
DA:11,0
DA:12,0
DA:13,0
DA:14,0
DA:16,0
DA:18,0
DA:19,0
DA:28,0
DA:30,0
DA:45,0
DA:61,0
DA:68,0
LF:14
LH:0
BRDA:14,0,0,0
BRDA:14,0,1,0
BRDA:14,0,2,0
BRDA:18,1,0,0
BRDA:18,1,1,0
BRDA:65,2,0,0
BRDA:65,2,1,0
BRF:7
BRH:0
end_of_record
TN:
SF:src\pages\checkout\Checkout.tsx
FN:27,todayYYYYMMDD
FN:35,(anonymous_1)
FN:40,(anonymous_2)
FN:66,(anonymous_3)
FN:74,(anonymous_4)
FN:75,(anonymous_5)
FN:76,(anonymous_6)
FN:81,(anonymous_7)
FN:87,keyOf
FN:89,(anonymous_9)
FN:89,(anonymous_10)
FN:90,(anonymous_11)
FN:92,(anonymous_12)
FN:94,(anonymous_13)
FN:97,(anonymous_14)
FN:102,openAddAddressModal
FN:106,cancelAddAddress
FN:110,handleAddAddress
FN:127,getSelectedAddressLabel
FN:128,(anonymous_19)
FN:133,placeOrder
FN:158,(anonymous_21)
FN:175,(anonymous_22)
FN:199,afterModalClose
FN:213,(anonymous_24)
FN:218,(anonymous_25)
FN:224,(anonymous_26)
FN:245,(anonymous_27)
FN:288,(anonymous_28)
FN:291,(anonymous_29)
FN:293,(anonymous_30)
FN:297,(anonymous_31)
FN:299,(anonymous_32)
FN:299,(anonymous_33)
FNF:34
FNH:0
FNDA:0,todayYYYYMMDD
FNDA:0,(anonymous_1)
FNDA:0,(anonymous_2)
FNDA:0,(anonymous_3)
FNDA:0,(anonymous_4)
FNDA:0,(anonymous_5)
FNDA:0,(anonymous_6)
FNDA:0,(anonymous_7)
FNDA:0,keyOf
FNDA:0,(anonymous_9)
FNDA:0,(anonymous_10)
FNDA:0,(anonymous_11)
FNDA:0,(anonymous_12)
FNDA:0,(anonymous_13)
FNDA:0,(anonymous_14)
FNDA:0,openAddAddressModal
FNDA:0,cancelAddAddress
FNDA:0,handleAddAddress
FNDA:0,getSelectedAddressLabel
FNDA:0,(anonymous_19)
FNDA:0,placeOrder
FNDA:0,(anonymous_21)
FNDA:0,(anonymous_22)
FNDA:0,afterModalClose
FNDA:0,(anonymous_24)
FNDA:0,(anonymous_25)
FNDA:0,(anonymous_26)
FNDA:0,(anonymous_27)
FNDA:0,(anonymous_28)
FNDA:0,(anonymous_29)
FNDA:0,(anonymous_30)
FNDA:0,(anonymous_31)
FNDA:0,(anonymous_32)
FNDA:0,(anonymous_33)
DA:12,0
DA:28,0
DA:29,0
DA:30,0
DA:31,0
DA:32,0
DA:35,0
DA:36,0
DA:37,0
DA:38,0
DA:39,0
DA:40,0
DA:41,0
DA:42,0
DA:46,0
DA:47,0
DA:48,0
DA:49,0
DA:50,0
DA:51,0
DA:54,0
DA:57,0
DA:59,0
DA:60,0
DA:61,0
DA:64,0
DA:65,0
DA:66,0
DA:67,0
DA:68,0
DA:69,0
DA:70,0
DA:72,0
DA:74,0
DA:75,0
DA:76,0
DA:77,0
DA:81,0
DA:82,0
DA:83,0
DA:84,0
DA:87,0
DA:89,0
DA:90,0
DA:91,0
DA:92,0
DA:93,0
DA:94,0
DA:95,0
DA:97,0
DA:98,0
DA:99,0
DA:100,0
DA:103,0
DA:107,0
DA:111,0
DA:112,0
DA:113,0
DA:114,0
DA:116,0
DA:117,0
DA:118,0
DA:119,0
DA:120,0
DA:121,0
DA:122,0
DA:124,0
DA:128,0
DA:129,0
DA:130,0
DA:134,0
DA:135,0
DA:136,0
DA:137,0
DA:138,0
DA:139,0
DA:141,0
DA:144,0
DA:145,0
DA:147,0
DA:148,0
DA:152,0
DA:158,0
DA:165,0
DA:166,0
DA:167,0
DA:168,0
DA:172,0
DA:173,0
DA:174,0
DA:175,0
DA:176,0
DA:177,0
DA:178,0
DA:179,0
DA:182,0
DA:186,0
DA:187,0
DA:188,0
DA:193,0
DA:196,0
DA:200,0
DA:201,0
DA:204,0
DA:213,0
DA:218,0
DA:225,0
DA:246,0
DA:288,0
DA:291,0
DA:293,0
DA:297,0
DA:299,0
LF:113
LH:0
BRDA:41,0,0,0
BRDA:41,0,1,0
BRDA:42,1,0,0
BRDA:42,1,1,0
BRDA:59,2,0,0
BRDA:59,2,1,0
BRDA:60,3,0,0
BRDA:60,3,1,0
BRDA:60,3,2,0
BRDA:60,3,3,0
BRDA:61,4,0,0
BRDA:61,4,1,0
BRDA:61,5,0,0
BRDA:61,5,1,0
BRDA:64,6,0,0
BRDA:64,6,1,0
BRDA:69,7,0,0
BRDA:69,7,1,0
BRDA:72,8,0,0
BRDA:72,8,1,0
BRDA:77,9,0,0
BRDA:77,9,1,0
BRDA:77,9,2,0
BRDA:82,10,0,0
BRDA:82,10,1,0
BRDA:82,11,0,0
BRDA:82,11,1,0
BRDA:84,12,0,0
BRDA:84,12,1,0
BRDA:87,13,0,0
BRDA:87,13,1,0
BRDA:89,14,0,0
BRDA:89,14,1,0
BRDA:89,15,0,0
BRDA:89,15,1,0
BRDA:91,16,0,0
BRDA:91,16,1,0
BRDA:91,17,0,0
BRDA:91,17,1,0
BRDA:93,18,0,0
BRDA:93,18,1,0
BRDA:95,19,0,0
BRDA:95,19,1,0
BRDA:98,20,0,0
BRDA:98,20,1,0
BRDA:111,21,0,0
BRDA:111,21,1,0
BRDA:112,22,0,0
BRDA:112,22,1,0
BRDA:112,23,0,0
BRDA:112,23,1,0
BRDA:112,23,2,0
BRDA:118,24,0,0
BRDA:118,24,1,0
BRDA:120,25,0,0
BRDA:120,25,1,0
BRDA:129,26,0,0
BRDA:129,26,1,0
BRDA:129,27,0,0
BRDA:129,27,1,0
BRDA:129,28,0,0
BRDA:129,28,1,0
BRDA:135,29,0,0
BRDA:135,29,1,0
BRDA:136,30,0,0
BRDA:136,30,1,0
BRDA:139,31,0,0
BRDA:139,31,1,0
BRDA:145,32,0,0
BRDA:145,32,1,0
BRDA:166,33,0,0
BRDA:166,33,1,0
BRDA:173,34,0,0
BRDA:173,34,1,0
BRDA:176,35,0,0
BRDA:176,35,1,0
BRDA:177,36,0,0
BRDA:177,36,1,0
BRDA:178,37,0,0
BRDA:178,37,1,0
BRDA:187,38,0,0
BRDA:187,38,1,0
BRDA:187,39,0,0
BRDA:187,39,1,0
BRDA:187,39,2,0
BRDA:219,40,0,0
BRDA:219,40,1,0
BRDA:224,41,0,0
BRDA:224,41,1,0
BRDA:225,42,0,0
BRDA:225,42,1,0
BRDA:225,43,0,0
BRDA:225,43,1,0
BRDA:240,44,0,0
BRDA:240,44,1,0
BRDA:246,45,0,0
BRDA:246,45,1,0
BRDA:247,46,0,0
BRDA:247,46,1,0
BRDA:248,47,0,0
BRDA:248,47,1,0
BRDA:248,48,0,0
BRDA:248,48,1,0
BRDA:258,49,0,0
BRDA:258,49,1,0
BRDA:259,50,0,0
BRDA:259,50,1,0
BRDA:259,50,2,0
BRDA:259,50,3,0
BRDA:299,51,0,0
BRDA:299,51,1,0
BRDA:302,52,0,0
BRDA:302,52,1,0
BRF:113
BRH:0
end_of_record
TN:
SF:src\pages\contacto\Contacto.tsx
FN:6,(anonymous_0)
FN:10,(anonymous_1)
FN:15,handleSubmit
FN:93,(anonymous_3)
FNF:4
FNH:0
FNDA:0,(anonymous_0)
FNDA:0,(anonymous_1)
FNDA:0,handleSubmit
FNDA:0,(anonymous_3)
DA:6,0
DA:7,0
DA:8,0
DA:10,0
DA:11,0
DA:12,0
DA:16,0
DA:17,0
DA:18,0
DA:22,0
DA:93,0
LF:11
LH:0
BRDA:16,0,0,0
BRDA:16,0,1,0
BRF:2
BRH:0
end_of_record
TN:
SF:src\pages\home\Home.tsx
FN:11,(anonymous_0)
FNF:1
FNH:0
FNDA:0,(anonymous_0)
DA:11,0
DA:12,0
DA:13,0
DA:15,0
LF:4
LH:0
BRDA:105,0,0,0
BRDA:105,0,1,0
BRDA:106,1,0,0
BRDA:106,1,1,0
BRF:4
BRH:0
end_of_record
TN:
SF:src\pages\nosotros\Nosotros.tsx
FN:5,(anonymous_0)
FNF:1
FNH:0
FNDA:0,(anonymous_0)
DA:5,0
DA:6,0
LF:2
LH:0
BRF:0
BRH:0
end_of_record
TN:
SF:src\pages\productos\Detalle.tsx
FN:15,(anonymous_0)
FN:36,(anonymous_1)
FN:45,(anonymous_2)
FN:52,buildInitialMessages
FN:53,(anonymous_4)
FN:56,openWizardWithCount
FN:64,addToCart
FN:87,(anonymous_7)
FN:136,closeWizard
FN:143,handleWizardConfirm
FN:159,(anonymous_10)
FN:183,closeAddedConfirm
FN:189,goToCart
FN:200,handleWizardCancel
FN:208,handleInfoDismiss
FN:221,(anonymous_15)
FN:239,(anonymous_16)
FN:267,(anonymous_17)
FN:273,(anonymous_18)
FN:309,(anonymous_19)
FN:310,(anonymous_20)
FN:311,(anonymous_21)
FN:318,(anonymous_22)
FN:359,(anonymous_23)
FN:382,(anonymous_24)
FNF:25
FNH:0
FNDA:0,(anonymous_0)
FNDA:0,(anonymous_1)
FNDA:0,(anonymous_2)
FNDA:0,buildInitialMessages
FNDA:0,(anonymous_4)
FNDA:0,openWizardWithCount
FNDA:0,addToCart
FNDA:0,(anonymous_7)
FNDA:0,closeWizard
FNDA:0,handleWizardConfirm
FNDA:0,(anonymous_10)
FNDA:0,closeAddedConfirm
FNDA:0,goToCart
FNDA:0,handleWizardCancel
FNDA:0,handleInfoDismiss
FNDA:0,(anonymous_15)
FNDA:0,(anonymous_16)
FNDA:0,(anonymous_17)
FNDA:0,(anonymous_18)
FNDA:0,(anonymous_19)
FNDA:0,(anonymous_20)
FNDA:0,(anonymous_21)
FNDA:0,(anonymous_22)
FNDA:0,(anonymous_23)
FNDA:0,(anonymous_24)
DA:15,0
DA:16,0
DA:17,0
DA:18,0
DA:20,0
DA:21,0
DA:22,0
DA:23,0
DA:24,0
DA:25,0
DA:26,0
DA:27,0
DA:28,0
DA:29,0
DA:30,0
DA:31,0
DA:32,0
DA:33,0
DA:34,0
DA:36,0
DA:37,0
DA:38,0
DA:39,0
DA:40,0
DA:42,0
DA:45,0
DA:47,0
DA:49,0
DA:50,0
DA:53,0
DA:57,0
DA:58,0
DA:59,0
DA:60,0
DA:61,0
DA:65,0
DA:66,0
DA:67,0
DA:69,0
DA:70,0
DA:71,0
DA:72,0
DA:73,0
DA:74,0
DA:75,0
DA:76,0
DA:78,0
DA:79,0
DA:81,0
DA:82,0
DA:83,0
DA:87,0
DA:88,0
DA:89,0
DA:91,0
DA:92,0
DA:93,0
DA:94,0
DA:95,0
DA:98,0
DA:99,0
DA:100,0
DA:101,0
DA:102,0
DA:103,0
DA:104,0
DA:105,0
DA:107,0
DA:108,0
DA:109,0
DA:112,0
DA:113,0
DA:114,0
DA:115,0
DA:116,0
DA:117,0
DA:118,0
DA:119,0
DA:122,0
DA:123,0
DA:124,0
DA:125,0
DA:126,0
DA:127,0
DA:128,0
DA:129,0
DA:133,0
DA:137,0
DA:138,0
DA:139,0
DA:140,0
DA:144,0
DA:145,0
DA:146,0
DA:148,0
DA:149,0
DA:150,0
DA:151,0
DA:152,0
DA:153,0
DA:157,0
DA:160,0
DA:161,0
DA:165,0
DA:166,0
DA:167,0
DA:168,0
DA:169,0
DA:170,0
DA:173,0
DA:174,0
DA:175,0
DA:177,0
DA:178,0
DA:179,0
DA:180,0
DA:184,0
DA:186,0
DA:190,0
DA:192,0
DA:193,0
DA:196,0
DA:201,0
DA:203,0
DA:204,0
DA:209,0
DA:210,0
DA:212,0
DA:213,0
DA:214,0
DA:218,0
DA:222,0
DA:223,0
DA:224,0
DA:226,0
DA:239,0
DA:268,0
DA:269,0
DA:270,0
DA:274,0
DA:309,0
DA:310,0
DA:311,0
DA:318,0
DA:360,0
DA:382,0
LF:146
LH:0
BRDA:38,0,0,0
BRDA:38,0,1,0
BRDA:47,1,0,0
BRDA:47,1,1,0
BRDA:49,2,0,0
BRDA:49,2,1,0
BRDA:50,3,0,0
BRDA:50,3,1,0
BRDA:50,4,0,0
BRDA:50,4,1,0
BRDA:53,5,0,0
BRDA:53,5,1,0
BRDA:60,6,0,0
BRDA:60,6,1,0
BRDA:65,7,0,0
BRDA:65,7,1,0
BRDA:70,8,0,0
BRDA:70,8,1,0
BRDA:72,9,0,0
BRDA:72,9,1,0
BRDA:78,10,0,0
BRDA:78,10,1,0
BRDA:87,11,0,0
BRDA:87,11,1,0
BRDA:87,12,0,0
BRDA:87,12,1,0
BRDA:88,13,0,0
BRDA:88,13,1,0
BRDA:91,14,0,0
BRDA:91,14,1,0
BRDA:98,15,0,0
BRDA:98,15,1,0
BRDA:100,16,0,0
BRDA:100,16,1,0
BRDA:101,17,0,0
BRDA:101,17,1,0
BRDA:112,18,0,0
BRDA:112,18,1,0
BRDA:123,19,0,0
BRDA:123,19,1,0
BRDA:144,20,0,0
BRDA:144,20,1,0
BRDA:148,21,0,0
BRDA:148,21,1,0
BRDA:152,22,0,0
BRDA:152,22,1,0
BRDA:160,23,0,0
BRDA:160,23,1,0
BRDA:161,24,0,0
BRDA:161,24,1,0
BRDA:165,25,0,0
BRDA:165,25,1,0
BRDA:173,26,0,0
BRDA:173,26,1,0
BRDA:174,27,0,0
BRDA:174,27,1,0
BRDA:180,28,0,0
BRDA:180,28,1,0
BRDA:210,29,0,0
BRDA:210,29,1,0
BRDA:210,30,0,0
BRDA:210,30,1,0
BRDA:223,31,0,0
BRDA:223,31,1,0
BRDA:223,32,0,0
BRDA:223,32,1,0
BRDA:248,33,0,0
BRDA:248,33,1,0
BRDA:249,34,0,0
BRDA:249,34,1,0
BRDA:249,34,2,0
BRDA:251,35,0,0
BRDA:251,35,1,0
BRDA:252,36,0,0
BRDA:252,36,1,0
BRDA:252,36,2,0
BRDA:254,37,0,0
BRDA:254,37,1,0
BRDA:255,38,0,0
BRDA:255,38,1,0
BRDA:255,38,2,0
BRDA:257,39,0,0
BRDA:257,39,1,0
BRDA:269,40,0,0
BRDA:269,40,1,0
BRDA:274,41,0,0
BRDA:274,41,1,0
BRDA:277,42,0,0
BRDA:277,42,1,0
BRDA:283,43,0,0
BRDA:283,43,1,0
BRDA:297,44,0,0
BRDA:297,44,1,0
BRDA:310,45,0,0
BRDA:310,45,1,0
BRDA:311,46,0,0
BRDA:311,46,1,0
BRDA:311,47,0,0
BRDA:311,47,1,0
BRDA:319,48,0,0
BRDA:319,48,1,0
BRDA:321,49,0,0
BRDA:321,49,1,0
BRDA:369,50,0,0
BRDA:369,50,1,0
BRDA:372,51,0,0
BRDA:372,51,1,0
BRDA:400,52,0,0
BRDA:400,52,1,0
BRDA:401,53,0,0
BRDA:401,53,1,0
BRF:111
BRH:0
end_of_record
TN:
SF:src\pages\productos\Productos.tsx
FN:17,titleCaseFromSlug
FN:19,(anonymous_1)
FN:24,(anonymous_2)
FN:44,(anonymous_3)
FN:50,(anonymous_4)
FN:85,(anonymous_5)
FN:86,(anonymous_6)
FN:93,(anonymous_7)
FN:97,(anonymous_8)
FN:99,(anonymous_9)
FN:103,(anonymous_10)
FN:104,(anonymous_11)
FN:107,(anonymous_12)
FN:109,(anonymous_13)
FN:111,applyFilter
FN:125,applySort
FN:137,doAddToCart
FN:149,closeAddedConfirm
FN:153,goToCart
FN:167,confirmModalAdd
FN:175,cancelModal
FN:181,(anonymous_21)
FN:183,(anonymous_22)
FN:187,(anonymous_23)
FN:197,(anonymous_24)
FN:202,(anonymous_25)
FN:222,(anonymous_26)
FN:224,(anonymous_27)
FN:234,(anonymous_28)
FN:245,(anonymous_29)
FNF:30
FNH:0
FNDA:0,titleCaseFromSlug
FNDA:0,(anonymous_1)
FNDA:0,(anonymous_2)
FNDA:0,(anonymous_3)
FNDA:0,(anonymous_4)
FNDA:0,(anonymous_5)
FNDA:0,(anonymous_6)
FNDA:0,(anonymous_7)
FNDA:0,(anonymous_8)
FNDA:0,(anonymous_9)
FNDA:0,(anonymous_10)
FNDA:0,(anonymous_11)
FNDA:0,(anonymous_12)
FNDA:0,(anonymous_13)
FNDA:0,applyFilter
FNDA:0,applySort
FNDA:0,doAddToCart
FNDA:0,closeAddedConfirm
FNDA:0,goToCart
FNDA:0,confirmModalAdd
FNDA:0,cancelModal
FNDA:0,(anonymous_21)
FNDA:0,(anonymous_22)
FNDA:0,(anonymous_23)
FNDA:0,(anonymous_24)
FNDA:0,(anonymous_25)
FNDA:0,(anonymous_26)
FNDA:0,(anonymous_27)
FNDA:0,(anonymous_28)
FNDA:0,(anonymous_29)
DA:14,0
DA:18,0
DA:19,0
DA:24,0
DA:25,0
DA:26,0
DA:27,0
DA:28,0
DA:29,0
DA:30,0
DA:33,0
DA:34,0
DA:36,0
DA:39,0
DA:40,0
DA:41,0
DA:44,0
DA:45,0
DA:46,0
DA:50,0
DA:51,0
DA:52,0
DA:53,0
DA:56,0
DA:58,0
DA:59,0
DA:62,0
DA:63,0
DA:65,0
DA:66,0
DA:67,0
DA:70,0
DA:71,0
DA:72,0
DA:73,0
DA:74,0
DA:76,0
DA:79,0
DA:80,0
DA:85,0
DA:86,0
DA:87,0
DA:88,0
DA:89,0
DA:92,0
DA:93,0
DA:97,0
DA:98,0
DA:99,0
DA:100,0
DA:101,0
DA:103,0
DA:104,0
DA:107,0
DA:109,0
DA:112,0
DA:114,0
DA:116,0
DA:117,0
DA:118,0
DA:120,0
DA:121,0
DA:122,0
DA:126,0
DA:128,0
DA:129,0
DA:130,0
DA:132,0
DA:133,0
DA:138,0
DA:139,0
DA:140,0
DA:141,0
DA:142,0
DA:145,0
DA:146,0
DA:150,0
DA:154,0
DA:155,0
DA:158,0
DA:159,0
DA:161,0
DA:168,0
DA:169,0
DA:170,0
DA:171,0
DA:172,0
DA:176,0
DA:177,0
DA:178,0
DA:181,0
DA:182,0
DA:183,0
DA:184,0
DA:186,0
DA:187,0
DA:190,0
DA:198,0
DA:202,0
DA:222,0
DA:225,0
DA:234,0
DA:246,0
DA:247,0
DA:248,0
LF:105
LH:0
BRDA:18,0,0,0
BRDA:18,0,1,0
BRDA:51,1,0,0
BRDA:51,1,1,0
BRDA:52,2,0,0
BRDA:52,2,1,0
BRDA:53,3,0,0
BRDA:53,3,1,0
BRDA:56,4,0,0
BRDA:56,4,1,0
BRDA:66,5,0,0
BRDA:66,5,1,0
BRDA:71,6,0,0
BRDA:71,6,1,0
BRDA:73,7,0,0
BRDA:73,7,1,0
BRDA:87,8,0,0
BRDA:87,8,1,0
BRDA:99,9,0,0
BRDA:99,9,1,0
BRDA:100,10,0,0
BRDA:100,10,1,0
BRDA:101,11,0,0
BRDA:101,11,1,0
BRDA:117,12,0,0
BRDA:117,12,1,0
BRDA:117,13,0,0
BRDA:117,13,1,0
BRDA:121,14,0,0
BRDA:121,14,1,0
BRDA:121,15,0,0
BRDA:121,15,1,0
BRDA:122,16,0,0
BRDA:122,16,1,0
BRDA:129,17,0,0
BRDA:129,17,1,0
BRDA:129,18,0,0
BRDA:129,18,1,0
BRDA:133,19,0,0
BRDA:133,19,1,0
BRDA:138,20,0,0
BRDA:138,20,1,0
BRDA:138,21,0,0
BRDA:138,21,1,0
BRDA:140,22,0,0
BRDA:140,22,1,0
BRDA:168,23,0,0
BRDA:168,23,1,0
BRDA:182,24,0,0
BRDA:182,24,1,0
BRDA:184,25,0,0
BRDA:184,25,1,0
BRDA:201,26,0,0
BRDA:201,26,1,0
BRDA:257,27,0,0
BRDA:257,27,1,0
BRDA:276,28,0,0
BRDA:276,28,1,0
BRF:58
BRH:0
end_of_record
TN:
SF:src\routes\ProtectedRoute.tsx
FN:10,(anonymous_0)
FNF:1
FNH:0
FNDA:0,(anonymous_0)
DA:10,0
DA:11,0
DA:12,0
DA:13,0
LF:4
LH:0
BRDA:10,0,0,0
BRDA:12,1,0,0
BRDA:12,1,1,0
BRF:3
BRH:0
end_of_record
TN:
SF:src\routes\RequireAdmin.tsx
FN:8,(anonymous_0)
FNF:1
FNH:0
FNDA:0,(anonymous_0)
DA:8,0
DA:9,0
DA:10,0
DA:11,0
DA:12,0
LF:5
LH:0
BRDA:8,0,0,0
BRDA:10,1,0,0
BRDA:10,1,1,0
BRDA:11,2,0,0
BRDA:11,2,1,0
BRF:5
BRH:0
end_of_record
TN:
SF:src\services\authService.ts
FN:8,authenticate
FN:11,(anonymous_1)
FN:15,register
FNF:3
FNH:1
FNDA:1,authenticate
FNDA:0,(anonymous_1)
FNDA:0,register
DA:9,1
DA:10,1
DA:11,1
DA:16,0
DA:18,0
DA:19,0
DA:20,0
DA:22,0
LF:8
LH:3
BRDA:9,0,0,1
BRDA:9,0,1,0
BRDA:11,1,0,0
BRDA:11,1,1,0
BRDA:11,2,0,0
BRDA:11,2,1,0
BRDA:18,3,0,0
BRDA:18,3,1,0
BRF:8
BRH:1
end_of_record
TN:
SF:src\services\productService.ts
FN:7,getCatalog
FN:11,getCategories
FN:15,getAllProducts
FN:16,(anonymous_3)
FN:19,findProductByCode
FN:22,(anonymous_5)
FN:25,searchProducts
FN:28,(anonymous_7)
FNF:8
FNH:8
FNDA:3,getCatalog
FNDA:3,getCategories
FNDA:3,getAllProducts
FNDA:24,(anonymous_3)
FNDA:1,findProductByCode
FNDA:1,(anonymous_5)
FNDA:1,searchProducts
FNDA:16,(anonymous_7)
DA:8,3
DA:12,3
DA:16,24
DA:20,1
DA:21,1
DA:22,1
DA:26,1
DA:27,1
DA:28,16
LF:9
LH:9
BRDA:12,0,0,3
BRDA:12,0,1,0
BRDA:16,1,0,24
BRDA:16,1,1,0
BRDA:20,2,0,0
BRDA:20,2,1,1
BRDA:22,3,0,1
BRDA:22,3,1,0
BRDA:26,4,0,0
BRDA:26,4,1,1
BRDA:28,5,0,16
BRDA:28,5,1,13
BRDA:28,6,0,16
BRDA:28,6,1,0
BRDA:28,7,0,13
BRDA:28,7,1,0
BRF:16
BRH:9
end_of_record
TN:
SF:src\utils\currency.ts
FN:7,formatCLP
FNF:1
FNH:1
FNDA:3,formatCLP
DA:1,1
DA:8,3
DA:9,1
LF:3
LH:3
BRDA:7,0,0,3
BRDA:8,1,0,2
BRDA:8,1,1,1
BRDA:8,2,0,3
BRDA:8,2,1,1
BRF:5
BRH:5
end_of_record
TN:
SF:src\utils\dataLoaders.ts
FN:60,(anonymous_0)
FN:65,(anonymous_1)
FN:85,(anonymous_2)
FN:90,getRegionBySlug
FN:91,(anonymous_4)
FN:94,getComunasByRegionSlug
FNF:6
FNH:0
FNDA:0,(anonymous_0)
FNDA:0,(anonymous_1)
FNDA:0,(anonymous_2)
FNDA:0,getRegionBySlug
FNDA:0,(anonymous_4)
FNDA:0,getComunasByRegionSlug
DA:8,0
DA:9,0
DA:10,0
DA:11,0
DA:12,0
DA:25,0
DA:27,0
DA:32,0
DA:33,0
DA:34,0
DA:35,0
DA:36,0
DA:37,0
DA:44,0
DA:55,0
DA:58,0
DA:60,0
DA:61,0
DA:62,0
DA:63,0
DA:65,0
DA:66,0
DA:67,0
DA:68,0
DA:77,0
DA:85,0
DA:87,0
DA:88,0
DA:91,0
DA:95,0
LF:30
LH:0
BRDA:9,0,0,0
BRDA:9,0,1,0
BRDA:10,1,0,0
BRDA:10,1,1,0
BRDA:11,2,0,0
BRDA:11,2,1,0
BRDA:18,3,0,0
BRDA:18,3,1,0
BRDA:35,4,0,0
BRDA:35,4,1,0
BRDA:36,5,0,0
BRDA:36,5,1,0
BRDA:61,6,0,0
BRDA:61,6,1,0
BRDA:61,7,0,0
BRDA:61,7,1,0
BRDA:62,8,0,0
BRDA:62,8,1,0
BRDA:63,9,0,0
BRDA:63,9,1,0
BRDA:65,10,0,0
BRDA:65,10,1,0
BRDA:95,11,0,0
BRDA:95,11,1,0
BRF:24
BRH:0
end_of_record
TN:
SF:src\utils\hash.ts
FN:1,sha256Hex
FN:7,(anonymous_1)
FNF:2
FNH:2
FNDA:1,sha256Hex
FNDA:32,(anonymous_1)
DA:2,1
DA:3,1
DA:4,1
DA:5,1
DA:6,1
DA:7,32
DA:10,0
DA:11,0
DA:12,0
DA:13,0
DA:14,0
DA:17,0
DA:18,0
DA:20,0
LF:14
LH:6
BRDA:2,0,0,1
BRDA:2,0,1,0
BRDA:2,1,0,1
BRDA:2,1,1,1
BRDA:12,2,0,0
BRDA:12,2,1,0
BRF:6
BRH:3
end_of_record
TN:
SF:src\utils\messages.ts
FN:7,stockLimitAdjusted
FN:13,soloQuedanUnidades
FN:17,seSolicitaranMensajes
FNF:3
FNH:0
FNDA:0,stockLimitAdjusted
FNDA:0,soloQuedanUnidades
FNDA:0,seSolicitaranMensajes
DA:3,0
DA:4,0
DA:6,0
DA:8,0
DA:9,0
DA:12,0
DA:14,0
DA:15,0
DA:18,0
DA:19,0
DA:22,0
DA:23,0
LF:12
LH:0
BRDA:7,0,0,0
BRDA:8,1,0,0
BRDA:8,1,1,0
BRDA:14,2,0,0
BRDA:14,2,1,0
BRDA:18,3,0,0
BRDA:18,3,1,0
BRF:7
BRH:0
end_of_record
TN:
SF:src\utils\products.ts
FN:3,(anonymous_0)
FN:12,initCatalog
FN:29,mapSegmentToId
FN:49,mapIdToSegment
FN:67,filterProducts
FN:69,(anonymous_5)
FN:72,sortProducts
FN:74,(anonymous_7)
FN:75,(anonymous_8)
FN:79,getRelatedProducts
FN:82,(anonymous_10)
FN:91,isPersonalizable
FN:93,readCatalog
FN:102,getProductByCode
FN:105,(anonymous_14)
FNF:15
FNH:0
FNDA:0,(anonymous_0)
FNDA:0,initCatalog
FNDA:0,mapSegmentToId
FNDA:0,mapIdToSegment
FNDA:0,filterProducts
FNDA:0,(anonymous_5)
FNDA:0,sortProducts
FNDA:0,(anonymous_7)
FNDA:0,(anonymous_8)
FNDA:0,getRelatedProducts
FNDA:0,(anonymous_10)
FNDA:0,isPersonalizable
FNDA:0,readCatalog
FNDA:0,getProductByCode
FNDA:0,(anonymous_14)
DA:3,0
DA:13,0
DA:14,0
DA:15,0
DA:16,0
DA:17,0
DA:18,0
DA:20,0
DA:21,0
DA:23,0
DA:25,0
DA:30,0
DA:31,0
DA:33,0
DA:35,0
DA:37,0
DA:39,0
DA:41,0
DA:43,0
DA:45,0
DA:50,0
DA:51,0
DA:53,0
DA:55,0
DA:57,0
DA:59,0
DA:61,0
DA:63,0
DA:68,0
DA:69,0
DA:73,0
DA:74,0
DA:75,0
DA:76,0
DA:80,0
DA:81,0
DA:82,0
DA:83,0
DA:84,0
DA:85,0
DA:87,0
DA:90,0
DA:91,0
DA:94,0
DA:95,0
DA:96,0
DA:98,0
DA:103,0
DA:104,0
DA:105,0
LF:50
LH:0
BRDA:5,0,0,0
BRDA:5,0,1,0
BRDA:6,1,0,0
BRDA:6,1,1,0
BRDA:7,2,0,0
BRDA:7,2,1,0
BRDA:12,3,0,0
BRDA:14,4,0,0
BRDA:14,4,1,0
BRDA:15,5,0,0
BRDA:15,5,1,0
BRDA:15,6,0,0
BRDA:15,6,1,0
BRDA:16,7,0,0
BRDA:16,7,1,0
BRDA:25,8,0,0
BRDA:25,8,1,0
BRDA:30,9,0,0
BRDA:30,9,1,0
BRDA:31,10,0,0
BRDA:31,10,1,0
BRDA:31,10,2,0
BRDA:31,10,3,0
BRDA:31,10,4,0
BRDA:31,10,5,0
BRDA:31,10,6,0
BRDA:50,11,0,0
BRDA:50,11,1,0
BRDA:50,12,0,0
BRDA:50,12,1,0
BRDA:51,13,0,0
BRDA:51,13,1,0
BRDA:51,13,2,0
BRDA:51,13,3,0
BRDA:51,13,4,0
BRDA:51,13,5,0
BRDA:68,14,0,0
BRDA:68,14,1,0
BRDA:68,15,0,0
BRDA:68,15,1,0
BRDA:68,16,0,0
BRDA:68,16,1,0
BRDA:69,17,0,0
BRDA:69,17,1,0
BRDA:73,18,0,0
BRDA:73,18,1,0
BRDA:74,19,0,0
BRDA:74,19,1,0
BRDA:74,20,0,0
BRDA:74,20,1,0
BRDA:74,21,0,0
BRDA:74,21,1,0
BRDA:74,22,0,0
BRDA:74,22,1,0
BRDA:75,23,0,0
BRDA:75,23,1,0
BRDA:75,24,0,0
BRDA:75,24,1,0
BRDA:79,25,0,0
BRDA:79,26,0,0
BRDA:80,27,0,0
BRDA:80,27,1,0
BRDA:81,28,0,0
BRDA:81,28,1,0
BRDA:82,29,0,0
BRDA:82,29,1,0
BRDA:91,30,0,0
BRDA:91,30,1,0
BRDA:93,31,0,0
BRDA:95,32,0,0
BRDA:95,32,1,0
BRDA:96,33,0,0
BRDA:96,33,1,0
BRDA:102,34,0,0
BRDA:102,35,0,0
BRDA:103,36,0,0
BRDA:103,36,1,0
BRDA:104,37,0,0
BRDA:104,37,1,0
BRDA:105,38,0,0
BRDA:105,38,1,0
BRF:81
BRH:0
end_of_record
TN:
SF:src\utils\ratings.ts
FN:13,readStorage
FN:24,initFromSeedIfEmpty
FN:30,(anonymous_2)
FN:34,(anonymous_3)
FN:34,(anonymous_4)
FN:41,(anonymous_5)
FN:44,(anonymous_6)
FN:59,(anonymous_7)
FN:70,writeStorage
FN:78,getRatings
FN:83,addRating
FN:100,getAverage
FN:103,(anonymous_12)
FNF:13
FNH:0
FNDA:0,readStorage
FNDA:0,initFromSeedIfEmpty
FNDA:0,(anonymous_2)
FNDA:0,(anonymous_3)
FNDA:0,(anonymous_4)
FNDA:0,(anonymous_5)
FNDA:0,(anonymous_6)
FNDA:0,(anonymous_7)
FNDA:0,writeStorage
FNDA:0,getRatings
FNDA:0,addRating
FNDA:0,getAverage
FNDA:0,(anonymous_12)
DA:9,0
DA:14,0
DA:15,0
DA:16,0
DA:17,0
DA:19,0
DA:25,0
DA:26,0
DA:27,0
DA:30,0
DA:31,0
DA:32,0
DA:33,0
DA:34,0
DA:35,0
DA:36,0
DA:37,0
DA:38,0
DA:39,0
DA:41,0
DA:42,0
DA:43,0
DA:44,0
DA:51,0
DA:55,0
DA:66,0
DA:67,0
DA:71,0
DA:72,0
DA:79,0
DA:80,0
DA:84,0
DA:85,0
DA:87,0
DA:88,0
DA:89,0
DA:90,0
DA:92,0
DA:93,0
DA:101,0
DA:102,0
DA:103,0
DA:104,0
LF:43
LH:0
BRDA:16,0,0,0
BRDA:16,0,1,0
BRDA:27,1,0,0
BRDA:27,1,1,0
BRDA:32,2,0,0
BRDA:32,2,1,0
BRDA:33,3,0,0
BRDA:33,3,1,0
BRDA:33,3,2,0
BRDA:33,3,3,0
BRDA:34,4,0,0
BRDA:34,4,1,0
BRDA:34,5,0,0
BRDA:34,5,1,0
BRDA:36,6,0,0
BRDA:36,6,1,0
BRDA:37,7,0,0
BRDA:37,7,1,0
BRDA:39,8,0,0
BRDA:39,8,1,0
BRDA:39,9,0,0
BRDA:39,9,1,0
BRDA:39,9,2,0
BRDA:39,9,3,0
BRDA:42,10,0,0
BRDA:42,10,1,0
BRDA:43,11,0,0
BRDA:43,11,1,0
BRDA:45,12,0,0
BRDA:45,12,1,0
BRDA:46,13,0,0
BRDA:46,13,1,0
BRDA:47,14,0,0
BRDA:47,14,1,0
BRDA:48,15,0,0
BRDA:48,15,1,0
BRDA:49,16,0,0
BRDA:49,16,1,0
BRDA:51,17,0,0
BRDA:51,17,1,0
BRDA:55,18,0,0
BRDA:55,18,1,0
BRDA:66,19,0,0
BRDA:66,19,1,0
BRDA:66,20,0,0
BRDA:66,20,1,0
BRDA:80,21,0,0
BRDA:80,21,1,0
BRDA:85,22,0,0
BRDA:85,22,1,0
BRDA:92,23,0,0
BRDA:92,23,1,0
BRDA:92,24,0,0
BRDA:92,24,1,0
BRDA:102,25,0,0
BRDA:102,25,1,0
BRDA:102,26,0,0
BRDA:102,26,1,0
BRDA:103,27,0,0
BRDA:103,27,1,0
BRF:60
BRH:0
end_of_record
TN:
SF:src\utils\registro.ts
FN:26,readUsers
FN:31,writeUsers
FN:35,updateUser
FN:38,(anonymous_3)
FN:46,findUserByEmail
FN:49,(anonymous_5)
FN:52,isDuocEmail
FN:58,isBirthdayToday
FN:78,createUser
FN:80,(anonymous_9)
FNF:10
FNH:1
FNDA:1,readUsers
FNDA:0,writeUsers
FNDA:0,updateUser
FNDA:0,(anonymous_3)
FNDA:0,findUserByEmail
FNDA:0,(anonymous_5)
FNDA:0,isDuocEmail
FNDA:0,isBirthdayToday
FNDA:0,createUser
FNDA:0,(anonymous_9)
DA:23,1
DA:27,1
DA:28,1
DA:32,0
DA:36,0
DA:37,0
DA:38,0
DA:39,0
DA:40,0
DA:41,0
DA:42,0
DA:43,0
DA:47,0
DA:48,0
DA:49,0
DA:53,0
DA:54,0
DA:55,0
DA:59,0
DA:61,0
DA:62,0
DA:63,0
DA:64,0
DA:65,0
DA:66,0
DA:67,0
DA:69,0
DA:70,0
DA:72,0
DA:73,0
DA:74,0
DA:79,0
DA:80,0
DA:81,0
DA:84,0
DA:85,0
DA:86,0
DA:88,0
DA:89,0
DA:90,0
DA:91,0
DA:92,0
DA:93,0
DA:94,0
DA:95,0
DA:96,0
DA:98,0
DA:99,0
DA:100,0
DA:106,0
DA:107,0
DA:108,0
DA:111,0
DA:114,0
DA:115,0
DA:116,0
DA:117,0
DA:118,0
DA:119,0
LF:59
LH:3
BRDA:28,0,0,0
BRDA:28,0,1,1
BRDA:36,1,0,0
BRDA:36,1,1,0
BRDA:38,2,0,0
BRDA:38,2,1,0
BRDA:39,3,0,0
BRDA:39,3,1,0
BRDA:47,4,0,0
BRDA:47,4,1,0
BRDA:49,5,0,0
BRDA:49,5,1,0
BRDA:53,6,0,0
BRDA:53,6,1,0
BRDA:59,7,0,0
BRDA:59,7,1,0
BRDA:63,8,0,0
BRDA:63,8,1,0
BRDA:70,9,0,0
BRDA:70,9,1,0
BRDA:72,10,0,0
BRDA:72,10,1,0
BRDA:74,11,0,0
BRDA:74,11,1,0
BRDA:80,12,0,0
BRDA:80,12,1,0
BRDA:80,13,0,0
BRDA:80,13,1,0
BRDA:89,14,0,0
BRDA:89,14,1,0
BRDA:91,15,0,0
BRDA:91,15,1,0
BRDA:95,16,0,0
BRDA:95,16,1,0
BRDA:95,17,0,0
BRDA:95,17,1,0
BRDA:95,17,2,0
BRDA:96,18,0,0
BRDA:96,18,1,0
BRDA:98,19,0,0
BRDA:98,19,1,0
BRDA:99,20,0,0
BRDA:99,20,1,0
BRDA:99,21,0,0
BRDA:99,21,1,0
BRDA:106,22,0,0
BRDA:106,22,1,0
BRDA:106,23,0,0
BRDA:106,23,1,0
BRDA:111,24,0,0
BRDA:111,24,1,0
BRDA:114,25,0,0
BRDA:114,25,1,0
BRDA:115,26,0,0
BRDA:115,26,1,0
BRF:55
BRH:1
end_of_record
TN:
SF:src\utils\roles.ts
FN:10,isAdminRole
FN:15,isAdminEmail
FN:21,(anonymous_2)
FN:26,(anonymous_3)
FNF:4
FNH:0
FNDA:0,isAdminRole
FNDA:0,isAdminEmail
FNDA:0,(anonymous_2)
FNDA:0,(anonymous_3)
DA:8,0
DA:11,0
DA:12,0
DA:16,0
DA:17,0
DA:18,0
DA:20,0
DA:21,0
DA:22,0
DA:24,0
DA:25,0
DA:26,0
DA:27,0
DA:29,0
LF:14
LH:0
BRDA:11,0,0,0
BRDA:11,0,1,0
BRDA:12,1,0,0
BRDA:12,1,1,0
BRDA:16,2,0,0
BRDA:16,2,1,0
BRDA:18,3,0,0
BRDA:18,3,1,0
BRDA:21,4,0,0
BRDA:21,4,1,0
BRDA:22,5,0,0
BRDA:22,5,1,0
BRDA:22,6,0,0
BRDA:22,6,1,0
BRDA:25,7,0,0
BRDA:25,7,1,0
BRDA:26,8,0,0
BRDA:26,8,1,0
BRDA:27,9,0,0
BRDA:27,9,1,0
BRDA:27,10,0,0
BRDA:27,10,1,0
BRF:22
BRH:0
end_of_record
TN:
SF:src\utils\seedUsers.ts
FN:4,normalizeRole
FN:14,seedUsersFromJson
FNF:2
FNH:0
FNDA:0,normalizeRole
FNDA:0,seedUsersFromJson
DA:5,0
DA:6,0
DA:7,0
DA:8,0
DA:9,0
DA:10,0
DA:11,0
DA:15,0
DA:17,0
DA:18,0
DA:19,0
DA:20,0
DA:21,0
DA:22,0
DA:24,0
DA:25,0
DA:26,0
DA:28,0
DA:31,0
DA:44,0
LF:20
LH:0
BRDA:5,0,0,0
BRDA:5,0,1,0
BRDA:6,1,0,0
BRDA:6,1,1,0
BRDA:7,2,0,0
BRDA:7,2,1,0
BRDA:8,3,0,0
BRDA:8,3,1,0
BRDA:9,4,0,0
BRDA:9,4,1,0
BRDA:9,5,0,0
BRDA:9,5,1,0
BRDA:10,6,0,0
BRDA:10,6,1,0
BRDA:10,7,0,0
BRDA:10,7,1,0
BRDA:10,7,2,0
BRDA:15,8,0,0
BRDA:15,8,1,0
BRDA:19,9,0,0
BRDA:19,9,1,0
BRDA:19,9,2,0
BRDA:20,10,0,0
BRDA:20,10,1,0
BRDA:22,11,0,0
BRDA:22,11,1,0
BRDA:24,12,0,0
BRDA:24,12,1,0
BRDA:24,12,2,0
BRDA:25,13,0,0
BRDA:25,13,1,0
BRDA:25,14,0,0
BRDA:25,14,1,0
BRDA:32,15,0,0
BRDA:32,15,1,0
BRDA:32,15,2,0
BRDA:33,16,0,0
BRDA:33,16,1,0
BRDA:33,16,2,0
BRDA:34,17,0,0
BRDA:34,17,1,0
BRDA:34,17,2,0
BRDA:36,18,0,0
BRDA:36,18,1,0
BRDA:36,18,2,0
BRDA:37,19,0,0
BRDA:37,19,1,0
BRDA:38,20,0,0
BRDA:38,20,1,0
BRDA:39,21,0,0
BRDA:39,21,1,0
BRDA:39,21,2,0
BRDA:40,22,0,0
BRDA:40,22,1,0
BRDA:40,23,0,0
BRDA:40,23,1,0
BRDA:40,24,0,0
BRDA:40,24,1,0
BRDA:40,25,0,0
BRDA:40,25,1,0
BRDA:40,25,2,0
BRDA:40,26,0,0
BRDA:40,26,1,0
BRF:63
BRH:0
end_of_record
TN:
SF:src\utils\slugify.ts
FN:1,slugify
FNF:1
FNH:1
FNDA:2,slugify
DA:2,2
LF:1
LH:1
BRF:0
BRH:0
end_of_record
TN:
SF:src\utils\storage.ts
FN:1,getJSON
FN:11,setJSON
FN:18,remove
FNF:3
FNH:3
FNDA:3,getJSON
FNDA:2,setJSON
FNDA:1,remove
DA:2,3
DA:3,3
DA:4,2
DA:5,1
DA:7,1
DA:12,2
DA:13,2
DA:19,1
DA:20,1
LF:9
LH:9
BRDA:4,0,0,1
BRDA:4,0,1,1
BRF:2
BRH:2
end_of_record
TN:
SF:src\utils\validation.ts
FN:2,formatearRun
FN:15,validarRun
FN:36,emailDominioValido
FN:38,(anonymous_3)
FNF:4
FNH:4
FNDA:1,formatearRun
FNDA:2,validarRun
FNDA:3,emailDominioValido
FNDA:6,(anonymous_3)
DA:3,1
DA:4,1
DA:5,1
DA:6,1
DA:7,1
DA:8,1
DA:9,1
DA:11,1
DA:12,1
DA:16,2
DA:17,2
DA:18,2
DA:19,2
DA:20,0
DA:21,0
DA:22,0
DA:23,0
DA:24,0
DA:25,0
DA:27,0
DA:28,0
DA:29,0
DA:30,0
DA:31,0
DA:32,0
DA:35,1
DA:37,3
DA:38,6
LF:28
LH:16
BRDA:4,0,0,0
BRDA:4,0,1,1
BRDA:7,1,0,0
BRDA:7,1,1,1
BRDA:8,2,0,0
BRDA:8,2,1,1
BRDA:9,3,0,1
BRDA:9,3,1,0
BRDA:12,4,0,1
BRDA:12,4,1,0
BRDA:12,5,0,1
BRDA:12,5,1,1
BRDA:16,6,0,0
BRDA:16,6,1,2
BRDA:19,7,0,2
BRDA:19,7,1,0
BRDA:25,8,0,0
BRDA:25,8,1,0
BRDA:29,9,0,0
BRDA:29,9,1,0
BRDA:29,10,0,0
BRDA:29,10,1,0
BRDA:37,11,0,3
BRDA:37,11,1,0
BRF:24
BRH:10
end_of_record
